# JRE version: OpenJDK Runtime Environment Temurin-21.0.10+7 (21.0.10+7) (build 21.0.10+7-LTS)
# Java VM: OpenJDK 64-Bit Server VM Temurin-21.0.10+7 (21.0.10+7-LTS, mixed mode, sharing, tiered, compressed oops, compressed class ptrs, parallel gc, windows-amd64)
GC Precious Log:
 CardTable entry size: 512
 CPUs: 12 total, 12 available
 Memory: 7876M
 Large Page Support: Disabled
 NUMA Support: Disabled
 Compressed Oops: Enabled (32-bit)
 Alignments: Space 512K, Generation 512K, Heap 2M
 Heap Min Capacity: 100M
 Heap Initial Capacity: 100M
 Heap Max Capacity: 2G
 Pre-touch: Disabled
 Parallel Workers: 10
Heap:
 PSYoungGen      total 4096K, used 1415K [0x00000000d5580000, 0x00000000d5a80000, 0x0000000100000000)
  eden space 3072K, 24% used [0x00000000d5580000,0x00000000d563dcc8,0x00000000d5880000)
  from space 1024K, 64% used [0x00000000d5880000,0x00000000d5924010,0x00000000d5980000)
  to   space 1024K, 0% used [0x00000000d5980000,0x00000000d5980000,0x00000000d5a80000)
 ParOldGen       total 235008K, used 234959K [0x0000000080000000, 0x000000008e580000, 0x00000000d5580000)
  object space 235008K, 99% used [0x0000000080000000,0x000000008e573e98,0x000000008e580000)
 Metaspace       used 70598K, committed 72192K, reserved 1114112K
  class space    used 7329K, committed 8000K, reserved 1048576K
GC Heap History (20 events):
Event: 46.558 GC heap before
{Heap before GC invocations=359 (full 3):
 PSYoungGen      total 3072K, used 3071K [0x00000000d5580000, 0x00000000d5a00000, 0x0000000100000000)
  eden space 2560K, 99% used [0x00000000d5580000,0x00000000d57fff70,0x00000000d5800000)
  from space 512K, 100% used [0x00000000d5800000,0x00000000d5880000,0x00000000d5880000)
  to   space 1024K, 0% used [0x00000000d5900000,0x00000000d5900000,0x00000000d5a00000)
 ParOldGen       total 228352K, used 228198K [0x0000000080000000, 0x000000008df00000, 0x00000000d5580000)
  object space 228352K, 99% used [0x0000000080000000,0x000000008ded99f8,0x000000008df00000)
 Metaspace       used 70504K, committed 72064K, reserved 1114112K
  class space    used 7328K, committed 8000K, reserved 1048576K
}
Event: 46.561 GC heap after
{Heap after GC invocations=359 (full 3):
 PSYoungGen      total 3584K, used 736K [0x00000000d5580000, 0x00000000d5a80000, 0x0000000100000000)
  eden space 2560K, 0% used [0x00000000d5580000,0x00000000d5580000,0x00000000d5800000)
  from space 1024K, 71% used [0x00000000d5900000,0x00000000d59b8010,0x00000000d5a00000)
  to   space 1024K, 0% used [0x00000000d5800000,0x00000000d5800000,0x00000000d5900000)
 ParOldGen       total 228864K, used 228718K [0x0000000080000000, 0x000000008df80000, 0x00000000d5580000)
  object space 228864K, 99% used [0x0000000080000000,0x000000008df5b9f8,0x000000008df80000)
 Metaspace       used 70504K, committed 72064K, reserved 1114112K
  class space    used 7328K, committed 8000K, reserved 1048576K
}
Event: 46.598 GC heap before
{Heap before GC invocations=360 (full 3):
 PSYoungGen      total 3584K, used 3296K [0x00000000d5580000, 0x00000000d5a80000, 0x0000000100000000)
  eden space 2560K, 100% used [0x00000000d5580000,0x00000000d5800000,0x00000000d5800000)
  from space 1024K, 71% used [0x00000000d5900000,0x00000000d59b8010,0x00000000d5a00000)
  to   space 1024K, 0% used [0x00000000d5800000,0x00000000d5800000,0x00000000d5900000)
 ParOldGen       total 228864K, used 228718K [0x0000000080000000, 0x000000008df80000, 0x00000000d5580000)
  object space 228864K, 99% used [0x0000000080000000,0x000000008df5b9f8,0x000000008df80000)
 Metaspace       used 70509K, committed 72064K, reserved 1114112K
  class space    used 7328K, committed 8000K, reserved 1048576K
}
Event: 46.601 GC heap after
{Heap after GC invocations=360 (full 3):
 PSYoungGen      total 3584K, used 884K [0x00000000d5580000, 0x00000000d5a80000, 0x0000000100000000)
  eden space 2560K, 0% used [0x00000000d5580000,0x00000000d5580000,0x00000000d5800000)
  from space 1024K, 86% used [0x00000000d5800000,0x00000000d58dd018,0x00000000d5900000)
  to   space 1024K, 0% used [0x00000000d5980000,0x00000000d5980000,0x00000000d5a80000)
 ParOldGen       total 229376K, used 229334K [0x0000000080000000, 0x000000008e000000, 0x00000000d5580000)
  object space 229376K, 99% used [0x0000000080000000,0x000000008dff5a08,0x000000008e000000)
 Metaspace       used 70509K, committed 72064K, reserved 1114112K
  class space    used 7328K, committed 8000K, reserved 1048576K
}
Event: 46.632 GC heap before
{Heap before GC invocations=361 (full 3):
 PSYoungGen      total 3584K, used 3444K [0x00000000d5580000, 0x00000000d5a80000, 0x0000000100000000)
  eden space 2560K, 100% used [0x00000000d5580000,0x00000000d5800000,0x00000000d5800000)
  from space 1024K, 86% used [0x00000000d5800000,0x00000000d58dd018,0x00000000d5900000)
  to   space 1024K, 0% used [0x00000000d5980000,0x00000000d5980000,0x00000000d5a80000)
 ParOldGen       total 229376K, used 229334K [0x0000000080000000, 0x000000008e000000, 0x00000000d5580000)
  object space 229376K, 99% used [0x0000000080000000,0x000000008dff5a08,0x000000008e000000)
 Metaspace       used 70516K, committed 72064K, reserved 1114112K
  class space    used 7328K, committed 8000K, reserved 1048576K
}
Event: 46.636 GC heap after
{Heap after GC invocations=361 (full 3):
 PSYoungGen      total 3072K, used 474K [0x00000000d5580000, 0x00000000d5a00000, 0x0000000100000000)
  eden space 2560K, 0% used [0x00000000d5580000,0x00000000d5580000,0x00000000d5800000)
  from space 512K, 92% used [0x00000000d5980000,0x00000000d59f6900,0x00000000d5a00000)
  to   space 1024K, 0% used [0x00000000d5800000,0x00000000d5800000,0x00000000d5900000)
 ParOldGen       total 230400K, used 229998K [0x0000000080000000, 0x000000008e100000, 0x00000000d5580000)
  object space 230400K, 99% used [0x0000000080000000,0x000000008e09ba08,0x000000008e100000)
 Metaspace       used 70516K, committed 72064K, reserved 1114112K
  class space    used 7328K, committed 8000K, reserved 1048576K
}
Event: 46.652 GC heap before
{Heap before GC invocations=362 (full 3):
 PSYoungGen      total 3072K, used 3034K [0x00000000d5580000, 0x00000000d5a00000, 0x0000000100000000)
  eden space 2560K, 100% used [0x00000000d5580000,0x00000000d5800000,0x00000000d5800000)
  from space 512K, 92% used [0x00000000d5980000,0x00000000d59f6900,0x00000000d5a00000)
  to   space 1024K, 0% used [0x00000000d5800000,0x00000000d5800000,0x00000000d5900000)
 ParOldGen       total 230400K, used 229998K [0x0000000080000000, 0x000000008e100000, 0x00000000d5580000)
  object space 230400K, 99% used [0x0000000080000000,0x000000008e09ba08,0x000000008e100000)
 Metaspace       used 70519K, committed 72064K, reserved 1114112K
  class space    used 7328K, committed 8000K, reserved 1048576K
}
Event: 46.655 GC heap after
{Heap after GC invocations=362 (full 3):
 PSYoungGen      total 3584K, used 960K [0x00000000d5580000, 0x00000000d5b00000, 0x0000000100000000)
  eden space 2560K, 0% used [0x00000000d5580000,0x00000000d5580000,0x00000000d5800000)
  from space 1024K, 93% used [0x00000000d5800000,0x00000000d58f0000,0x00000000d5900000)
  to   space 1536K, 0% used [0x00000000d5980000,0x00000000d5980000,0x00000000d5b00000)
 ParOldGen       total 230400K, used 230147K [0x0000000080000000, 0x000000008e100000, 0x00000000d5580000)
  object space 230400K, 99% used [0x0000000080000000,0x000000008e0c0c08,0x000000008e100000)
 Metaspace       used 70519K, committed 72064K, reserved 1114112K
  class space    used 7328K, committed 8000K, reserved 1048576K
}
Event: 46.671 GC heap before
{Heap before GC invocations=363 (full 3):
 PSYoungGen      total 3584K, used 3519K [0x00000000d5580000, 0x00000000d5b00000, 0x0000000100000000)
  eden space 2560K, 99% used [0x00000000d5580000,0x00000000d57fffe0,0x00000000d5800000)
  from space 1024K, 93% used [0x00000000d5800000,0x00000000d58f0000,0x00000000d5900000)
  to   space 1536K, 0% used [0x00000000d5980000,0x00000000d5980000,0x00000000d5b00000)
 ParOldGen       total 230400K, used 230147K [0x0000000080000000, 0x000000008e100000, 0x00000000d5580000)
  object space 230400K, 99% used [0x0000000080000000,0x000000008e0c0c08,0x000000008e100000)
 Metaspace       used 70531K, committed 72128K, reserved 1114112K
  class space    used 7328K, committed 8000K, reserved 1048576K
}
Event: 46.674 GC heap after
{Heap after GC invocations=363 (full 3):
 PSYoungGen      total 3584K, used 928K [0x00000000d5580000, 0x00000000d5a80000, 0x0000000100000000)
  eden space 2560K, 0% used [0x00000000d5580000,0x00000000d5580000,0x00000000d5800000)
  from space 1024K, 90% used [0x00000000d5980000,0x00000000d5a68010,0x00000000d5a80000)
  to   space 1024K, 0% used [0x00000000d5800000,0x00000000d5800000,0x00000000d5900000)
 ParOldGen       total 231424K, used 231027K [0x0000000080000000, 0x000000008e200000, 0x00000000d5580000)
  object space 231424K, 99% used [0x0000000080000000,0x000000008e19cc08,0x000000008e200000)
 Metaspace       used 70531K, committed 72128K, reserved 1114112K
  class space    used 7328K, committed 8000K, reserved 1048576K
}
Event: 46.696 GC heap before
{Heap before GC invocations=364 (full 3):
 PSYoungGen      total 3584K, used 3488K [0x00000000d5580000, 0x00000000d5a80000, 0x0000000100000000)
  eden space 2560K, 100% used [0x00000000d5580000,0x00000000d5800000,0x00000000d5800000)
  from space 1024K, 90% used [0x00000000d5980000,0x00000000d5a68010,0x00000000d5a80000)
  to   space 1024K, 0% used [0x00000000d5800000,0x00000000d5800000,0x00000000d5900000)
 ParOldGen       total 231424K, used 231027K [0x0000000080000000, 0x000000008e200000, 0x00000000d5580000)
  object space 231424K, 99% used [0x0000000080000000,0x000000008e19cc08,0x000000008e200000)
 Metaspace       used 70543K, committed 72128K, reserved 1114112K
  class space    used 7328K, committed 8000K, reserved 1048576K
}
Event: 46.700 GC heap after
{Heap after GC invocations=364 (full 3):
 PSYoungGen      total 3584K, used 736K [0x00000000d5580000, 0x00000000d5a00000, 0x0000000100000000)
  eden space 2560K, 0% used [0x00000000d5580000,0x00000000d5580000,0x00000000d5800000)
  from space 1024K, 71% used [0x00000000d5800000,0x00000000d58b8000,0x00000000d5900000)
  to   space 1024K, 0% used [0x00000000d5900000,0x00000000d5900000,0x00000000d5a00000)
 ParOldGen       total 231936K, used 231747K [0x0000000080000000, 0x000000008e280000, 0x00000000d5580000)
  object space 231936K, 99% used [0x0000000080000000,0x000000008e250c18,0x000000008e280000)
 Metaspace       used 70543K, committed 72128K, reserved 1114112K
  class space    used 7328K, committed 8000K, reserved 1048576K
}
Event: 46.739 GC heap before
{Heap before GC invocations=365 (full 3):
 PSYoungGen      total 3584K, used 3296K [0x00000000d5580000, 0x00000000d5a00000, 0x0000000100000000)
  eden space 2560K, 100% used [0x00000000d5580000,0x00000000d5800000,0x00000000d5800000)
  from space 1024K, 71% used [0x00000000d5800000,0x00000000d58b8000,0x00000000d5900000)
  to   space 1024K, 0% used [0x00000000d5900000,0x00000000d5900000,0x00000000d5a00000)
 ParOldGen       total 231936K, used 231747K [0x0000000080000000, 0x000000008e280000, 0x00000000d5580000)
  object space 231936K, 99% used [0x0000000080000000,0x000000008e250c18,0x000000008e280000)
 Metaspace       used 70544K, committed 72128K, reserved 1114112K
  class space    used 7328K, committed 8000K, reserved 1048576K
}
Event: 46.743 GC heap after
{Heap after GC invocations=365 (full 3):
 PSYoungGen      total 3584K, used 634K [0x00000000d5580000, 0x00000000d5a00000, 0x0000000100000000)
  eden space 2560K, 0% used [0x00000000d5580000,0x00000000d5580000,0x00000000d5800000)
  from space 1024K, 61% used [0x00000000d5900000,0x00000000d599e900,0x00000000d5a00000)
  to   space 1024K, 0% used [0x00000000d5800000,0x00000000d5800000,0x00000000d5900000)
 ParOldGen       total 232448K, used 232235K [0x0000000080000000, 0x000000008e300000, 0x00000000d5580000)
  object space 232448K, 99% used [0x0000000080000000,0x000000008e2cac28,0x000000008e300000)
 Metaspace       used 70544K, committed 72128K, reserved 1114112K
  class space    used 7328K, committed 8000K, reserved 1048576K
}
Event: 46.768 GC heap before
{Heap before GC invocations=366 (full 3):
 PSYoungGen      total 3584K, used 3194K [0x00000000d5580000, 0x00000000d5a00000, 0x0000000100000000)
  eden space 2560K, 100% used [0x00000000d5580000,0x00000000d5800000,0x00000000d5800000)
  from space 1024K, 61% used [0x00000000d5900000,0x00000000d599e900,0x00000000d5a00000)
  to   space 1024K, 0% used [0x00000000d5800000,0x00000000d5800000,0x00000000d5900000)
 ParOldGen       total 232448K, used 232235K [0x0000000080000000, 0x000000008e300000, 0x00000000d5580000)
  object space 232448K, 99% used [0x0000000080000000,0x000000008e2cac28,0x000000008e300000)
 Metaspace       used 70544K, committed 72128K, reserved 1114112K
  class space    used 7328K, committed 8000K, reserved 1048576K
}
Event: 46.777 GC heap after
{Heap after GC invocations=366 (full 3):
 PSYoungGen      total 3584K, used 992K [0x00000000d5580000, 0x00000000d5c00000, 0x0000000100000000)
  eden space 2560K, 0% used [0x00000000d5580000,0x00000000d5580000,0x00000000d5800000)
  from space 1024K, 96% used [0x00000000d5800000,0x00000000d58f8010,0x00000000d5900000)
  to   space 2048K, 0% used [0x00000000d5a00000,0x00000000d5a00000,0x00000000d5c00000)
 ParOldGen       total 232960K, used 232739K [0x0000000080000000, 0x000000008e380000, 0x00000000d5580000)
  object space 232960K, 99% used [0x0000000080000000,0x000000008e348e38,0x000000008e380000)
 Metaspace       used 70544K, committed 72128K, reserved 1114112K
  class space    used 7328K, committed 8000K, reserved 1048576K
}
Event: 46.800 GC heap before
{Heap before GC invocations=367 (full 3):
 PSYoungGen      total 3584K, used 3552K [0x00000000d5580000, 0x00000000d5c00000, 0x0000000100000000)
  eden space 2560K, 100% used [0x00000000d5580000,0x00000000d5800000,0x00000000d5800000)
  from space 1024K, 96% used [0x00000000d5800000,0x00000000d58f8010,0x00000000d5900000)
  to   space 2048K, 0% used [0x00000000d5a00000,0x00000000d5a00000,0x00000000d5c00000)
 ParOldGen       total 232960K, used 232739K [0x0000000080000000, 0x000000008e380000, 0x00000000d5580000)
  object space 232960K, 99% used [0x0000000080000000,0x000000008e348e38,0x000000008e380000)
 Metaspace       used 70552K, committed 72128K, reserved 1114112K
  class space    used 7328K, committed 8000K, reserved 1048576K
}
Event: 46.803 GC heap after
{Heap after GC invocations=367 (full 3):
 PSYoungGen      total 3584K, used 960K [0x00000000d5580000, 0x00000000d5b00000, 0x0000000100000000)
  eden space 2560K, 0% used [0x00000000d5580000,0x00000000d5580000,0x00000000d5800000)
  from space 1024K, 93% used [0x00000000d5a00000,0x00000000d5af0000,0x00000000d5b00000)
  to   space 1536K, 0% used [0x00000000d5800000,0x00000000d5800000,0x00000000d5980000)
 ParOldGen       total 233984K, used 233619K [0x0000000080000000, 0x000000008e480000, 0x00000000d5580000)
  object space 233984K, 99% used [0x0000000080000000,0x000000008e424e48,0x000000008e480000)
 Metaspace       used 70552K, committed 72128K, reserved 1114112K
  class space    used 7328K, committed 8000K, reserved 1048576K
}
Event: 46.991 GC heap before
{Heap before GC invocations=368 (full 3):
 PSYoungGen      total 3584K, used 3520K [0x00000000d5580000, 0x00000000d5b00000, 0x0000000100000000)
  eden space 2560K, 100% used [0x00000000d5580000,0x00000000d5800000,0x00000000d5800000)
  from space 1024K, 93% used [0x00000000d5a00000,0x00000000d5af0000,0x00000000d5b00000)
  to   space 1536K, 0% used [0x00000000d5800000,0x00000000d5800000,0x00000000d5980000)
 ParOldGen       total 233984K, used 233619K [0x0000000080000000, 0x000000008e480000, 0x00000000d5580000)
  object space 233984K, 99% used [0x0000000080000000,0x000000008e424e48,0x000000008e480000)
 Metaspace       used 70578K, committed 72128K, reserved 1114112K
  class space    used 7328K, committed 8000K, reserved 1048576K
}
Event: 47.998 GC heap after
{Heap after GC invocations=368 (full 3):
 PSYoungGen      total 4096K, used 480K [0x00000000d5580000, 0x00000000d5a80000, 0x0000000100000000)
  eden space 2560K, 0% used [0x00000000d5580000,0x00000000d5580000,0x00000000d5800000)
  from space 1536K, 31% used [0x00000000d5800000,0x00000000d5878000,0x00000000d5980000)
  to   space 1024K, 0% used [0x00000000d5980000,0x00000000d5980000,0x00000000d5a80000)
 ParOldGen       total 234496K, used 234355K [0x0000000080000000, 0x000000008e500000, 0x00000000d5580000)
  object space 234496K, 99% used [0x0000000080000000,0x000000008e4dce48,0x000000008e500000)
 Metaspace       used 70578K, committed 72128K, reserved 1114112K
  class space    used 7328K, committed 8000K, reserved 1048576K
}

