# JRE version: OpenJDK Runtime Environment Temurin-21.0.10+7 (21.0.10+7) (build 21.0.10+7-LTS)
# Java VM: OpenJDK 64-Bit Server VM Temurin-21.0.10+7 (21.0.10+7-LTS, mixed mode, sharing, tiered, compressed oops, compressed class ptrs, parallel gc, windows-amd64)
GC Precious Log:
 CardTable entry size: 512
 CPUs: 12 total, 12 available
 Memory: 7876M
 Large Page Support: Disabled
 NUMA Support: Disabled
 Compressed Oops: Enabled (32-bit)
 Alignments: Space 512K, Generation 512K, Heap 2M
 Heap Min Capacity: 100M
 Heap Initial Capacity: 100M
 Heap Max Capacity: 2G
 Pre-touch: Disabled
 Parallel Workers: 10
Heap:
 PSYoungGen      total 7168K, used 6464K [0x00000000d5580000, 0x00000000d5d80000, 0x0000000100000000)
  eden space 6144K, 100% used [0x00000000d5580000,0x00000000d5b80000,0x00000000d5b80000)
  from space 1024K, 31% used [0x00000000d5b80000,0x00000000d5bd0000,0x00000000d5c80000)
  to   space 512K, 62% used [0x00000000d5d00000,0x00000000d5d50000,0x00000000d5d80000)
 ParOldGen       total 464384K, used 464379K [0x0000000080000000, 0x000000009c580000, 0x00000000d5580000)
  object space 464384K, 99% used [0x0000000080000000,0x000000009c57efa8,0x000000009c580000)
 Metaspace       used 64189K, committed 65728K, reserved 1114112K
  class space    used 6759K, committed 7424K, reserved 1048576K
GC Heap History (20 events):
Event: 73.391 GC heap after
{Heap after GC invocations=1006 (full 3):
 PSYoungGen      total 6144K, used 448K [0x00000000d5580000, 0x00000000d5d80000, 0x0000000100000000)
  eden space 5632K, 0% used [0x00000000d5580000,0x00000000d5580000,0x00000000d5b00000)
  from space 512K, 87% used [0x00000000d5c80000,0x00000000d5cf0000,0x00000000d5d00000)
  to   space 512K, 0% used [0x00000000d5d00000,0x00000000d5d00000,0x00000000d5d80000)
 ParOldGen       total 461824K, used 461626K [0x0000000080000000, 0x000000009c300000, 0x00000000d5580000)
  object space 461824K, 99% used [0x0000000080000000,0x000000009c2ce840,0x000000009c300000)
 Metaspace       used 64165K, committed 65728K, reserved 1114112K
  class space    used 6758K, committed 7424K, reserved 1048576K
}
Event: 73.449 GC heap before
{Heap before GC invocations=1007 (full 3):
 PSYoungGen      total 6144K, used 6080K [0x00000000d5580000, 0x00000000d5d80000, 0x0000000100000000)
  eden space 5632K, 100% used [0x00000000d5580000,0x00000000d5b00000,0x00000000d5b00000)
  from space 512K, 87% used [0x00000000d5c80000,0x00000000d5cf0000,0x00000000d5d00000)
  to   space 512K, 0% used [0x00000000d5d00000,0x00000000d5d00000,0x00000000d5d80000)
 ParOldGen       total 461824K, used 461626K [0x0000000080000000, 0x000000009c300000, 0x00000000d5580000)
  object space 461824K, 99% used [0x0000000080000000,0x000000009c2ce840,0x000000009c300000)
 Metaspace       used 64165K, committed 65728K, reserved 1114112K
  class space    used 6758K, committed 7424K, reserved 1048576K
}
Event: 73.453 GC heap after
{Heap after GC invocations=1007 (full 3):
 PSYoungGen      total 6144K, used 487K [0x00000000d5580000, 0x00000000d5d80000, 0x0000000100000000)
  eden space 5632K, 0% used [0x00000000d5580000,0x00000000d5580000,0x00000000d5b00000)
  from space 512K, 95% used [0x00000000d5d00000,0x00000000d5d79c60,0x00000000d5d80000)
  to   space 512K, 0% used [0x00000000d5c80000,0x00000000d5c80000,0x00000000d5d00000)
 ParOldGen       total 462336K, used 461978K [0x0000000080000000, 0x000000009c380000, 0x00000000d5580000)
  object space 462336K, 99% used [0x0000000080000000,0x000000009c326840,0x000000009c380000)
 Metaspace       used 64165K, committed 65728K, reserved 1114112K
  class space    used 6758K, committed 7424K, reserved 1048576K
}
Event: 73.520 GC heap before
{Heap before GC invocations=1008 (full 3):
 PSYoungGen      total 6144K, used 6119K [0x00000000d5580000, 0x00000000d5d80000, 0x0000000100000000)
  eden space 5632K, 100% used [0x00000000d5580000,0x00000000d5b00000,0x00000000d5b00000)
  from space 512K, 95% used [0x00000000d5d00000,0x00000000d5d79c60,0x00000000d5d80000)
  to   space 512K, 0% used [0x00000000d5c80000,0x00000000d5c80000,0x00000000d5d00000)
 ParOldGen       total 462336K, used 461978K [0x0000000080000000, 0x000000009c380000, 0x00000000d5580000)
  object space 462336K, 99% used [0x0000000080000000,0x000000009c326840,0x000000009c380000)
 Metaspace       used 64165K, committed 65728K, reserved 1114112K
  class space    used 6758K, committed 7424K, reserved 1048576K
}
Event: 73.525 GC heap after
{Heap after GC invocations=1008 (full 3):
 PSYoungGen      total 6144K, used 488K [0x00000000d5580000, 0x00000000d5d80000, 0x0000000100000000)
  eden space 5632K, 0% used [0x00000000d5580000,0x00000000d5580000,0x00000000d5b00000)
  from space 512K, 95% used [0x00000000d5c80000,0x00000000d5cfa010,0x00000000d5d00000)
  to   space 512K, 0% used [0x00000000d5d00000,0x00000000d5d00000,0x00000000d5d80000)
 ParOldGen       total 462336K, used 462201K [0x0000000080000000, 0x000000009c380000, 0x00000000d5580000)
  object space 462336K, 99% used [0x0000000080000000,0x000000009c35e4a0,0x000000009c380000)
 Metaspace       used 64165K, committed 65728K, reserved 1114112K
  class space    used 6758K, committed 7424K, reserved 1048576K
}
Event: 73.576 GC heap before
{Heap before GC invocations=1009 (full 3):
 PSYoungGen      total 6144K, used 6120K [0x00000000d5580000, 0x00000000d5d80000, 0x0000000100000000)
  eden space 5632K, 100% used [0x00000000d5580000,0x00000000d5b00000,0x00000000d5b00000)
  from space 512K, 95% used [0x00000000d5c80000,0x00000000d5cfa010,0x00000000d5d00000)
  to   space 512K, 0% used [0x00000000d5d00000,0x00000000d5d00000,0x00000000d5d80000)
 ParOldGen       total 462336K, used 462201K [0x0000000080000000, 0x000000009c380000, 0x00000000d5580000)
  object space 462336K, 99% used [0x0000000080000000,0x000000009c35e4a0,0x000000009c380000)
 Metaspace       used 64165K, committed 65728K, reserved 1114112K
  class space    used 6758K, committed 7424K, reserved 1048576K
}
Event: 73.582 GC heap after
{Heap after GC invocations=1009 (full 3):
 PSYoungGen      total 6144K, used 320K [0x00000000d5580000, 0x00000000d5d80000, 0x0000000100000000)
  eden space 5632K, 0% used [0x00000000d5580000,0x00000000d5580000,0x00000000d5b00000)
  from space 512K, 62% used [0x00000000d5d00000,0x00000000d5d50000,0x00000000d5d80000)
  to   space 512K, 0% used [0x00000000d5c80000,0x00000000d5c80000,0x00000000d5d00000)
 ParOldGen       total 462848K, used 462557K [0x0000000080000000, 0x000000009c400000, 0x00000000d5580000)
  object space 462848K, 99% used [0x0000000080000000,0x000000009c3b7618,0x000000009c400000)
 Metaspace       used 64165K, committed 65728K, reserved 1114112K
  class space    used 6758K, committed 7424K, reserved 1048576K
}
Event: 73.618 GC heap before
{Heap before GC invocations=1010 (full 3):
 PSYoungGen      total 6144K, used 5952K [0x00000000d5580000, 0x00000000d5d80000, 0x0000000100000000)
  eden space 5632K, 100% used [0x00000000d5580000,0x00000000d5b00000,0x00000000d5b00000)
  from space 512K, 62% used [0x00000000d5d00000,0x00000000d5d50000,0x00000000d5d80000)
  to   space 512K, 0% used [0x00000000d5c80000,0x00000000d5c80000,0x00000000d5d00000)
 ParOldGen       total 462848K, used 462557K [0x0000000080000000, 0x000000009c400000, 0x00000000d5580000)
  object space 462848K, 99% used [0x0000000080000000,0x000000009c3b7618,0x000000009c400000)
 Metaspace       used 64167K, committed 65728K, reserved 1114112K
  class space    used 6758K, committed 7424K, reserved 1048576K
}
Event: 73.621 GC heap after
{Heap after GC invocations=1010 (full 3):
 PSYoungGen      total 6144K, used 352K [0x00000000d5580000, 0x00000000d5d80000, 0x0000000100000000)
  eden space 5632K, 0% used [0x00000000d5580000,0x00000000d5580000,0x00000000d5b00000)
  from space 512K, 68% used [0x00000000d5c80000,0x00000000d5cd8000,0x00000000d5d00000)
  to   space 512K, 0% used [0x00000000d5d00000,0x00000000d5d00000,0x00000000d5d80000)
 ParOldGen       total 462848K, used 462701K [0x0000000080000000, 0x000000009c400000, 0x00000000d5580000)
  object space 462848K, 99% used [0x0000000080000000,0x000000009c3db618,0x000000009c400000)
 Metaspace       used 64167K, committed 65728K, reserved 1114112K
  class space    used 6758K, committed 7424K, reserved 1048576K
}
Event: 73.669 GC heap before
{Heap before GC invocations=1011 (full 3):
 PSYoungGen      total 6144K, used 5984K [0x00000000d5580000, 0x00000000d5d80000, 0x0000000100000000)
  eden space 5632K, 100% used [0x00000000d5580000,0x00000000d5b00000,0x00000000d5b00000)
  from space 512K, 68% used [0x00000000d5c80000,0x00000000d5cd8000,0x00000000d5d00000)
  to   space 512K, 0% used [0x00000000d5d00000,0x00000000d5d00000,0x00000000d5d80000)
 ParOldGen       total 462848K, used 462701K [0x0000000080000000, 0x000000009c400000, 0x00000000d5580000)
  object space 462848K, 99% used [0x0000000080000000,0x000000009c3db618,0x000000009c400000)
 Metaspace       used 64167K, committed 65728K, reserved 1114112K
  class space    used 6758K, committed 7424K, reserved 1048576K
}
Event: 73.672 GC heap after
{Heap after GC invocations=1011 (full 3):
 PSYoungGen      total 6144K, used 320K [0x00000000d5580000, 0x00000000d5d80000, 0x0000000100000000)
  eden space 5632K, 0% used [0x00000000d5580000,0x00000000d5580000,0x00000000d5b00000)
  from space 512K, 62% used [0x00000000d5d00000,0x00000000d5d50000,0x00000000d5d80000)
  to   space 512K, 0% used [0x00000000d5c80000,0x00000000d5c80000,0x00000000d5d00000)
 ParOldGen       total 463360K, used 463301K [0x0000000080000000, 0x000000009c480000, 0x00000000d5580000)
  object space 463360K, 99% used [0x0000000080000000,0x000000009c471618,0x000000009c480000)
 Metaspace       used 64167K, committed 65728K, reserved 1114112K
  class space    used 6758K, committed 7424K, reserved 1048576K
}
Event: 73.737 GC heap before
{Heap before GC invocations=1012 (full 3):
 PSYoungGen      total 6144K, used 5952K [0x00000000d5580000, 0x00000000d5d80000, 0x0000000100000000)
  eden space 5632K, 100% used [0x00000000d5580000,0x00000000d5b00000,0x00000000d5b00000)
  from space 512K, 62% used [0x00000000d5d00000,0x00000000d5d50000,0x00000000d5d80000)
  to   space 512K, 0% used [0x00000000d5c80000,0x00000000d5c80000,0x00000000d5d00000)
 ParOldGen       total 463360K, used 463301K [0x0000000080000000, 0x000000009c480000, 0x00000000d5580000)
  object space 463360K, 99% used [0x0000000080000000,0x000000009c471618,0x000000009c480000)
 Metaspace       used 64174K, committed 65728K, reserved 1114112K
  class space    used 6758K, committed 7424K, reserved 1048576K
}
Event: 73.739 GC heap after
{Heap after GC invocations=1012 (full 3):
 PSYoungGen      total 6144K, used 348K [0x00000000d5580000, 0x00000000d5d80000, 0x0000000100000000)
  eden space 5632K, 0% used [0x00000000d5580000,0x00000000d5580000,0x00000000d5b00000)
  from space 512K, 68% used [0x00000000d5c80000,0x00000000d5cd73d0,0x00000000d5d00000)
  to   space 512K, 0% used [0x00000000d5d00000,0x00000000d5d00000,0x00000000d5d80000)
 ParOldGen       total 463872K, used 463428K [0x0000000080000000, 0x000000009c500000, 0x00000000d5580000)
  object space 463872K, 99% used [0x0000000080000000,0x000000009c491148,0x000000009c500000)
 Metaspace       used 64174K, committed 65728K, reserved 1114112K
  class space    used 6758K, committed 7424K, reserved 1048576K
}
Event: 73.765 GC heap before
{Heap before GC invocations=1013 (full 3):
 PSYoungGen      total 6144K, used 5980K [0x00000000d5580000, 0x00000000d5d80000, 0x0000000100000000)
  eden space 5632K, 100% used [0x00000000d5580000,0x00000000d5b00000,0x00000000d5b00000)
  from space 512K, 68% used [0x00000000d5c80000,0x00000000d5cd73d0,0x00000000d5d00000)
  to   space 512K, 0% used [0x00000000d5d00000,0x00000000d5d00000,0x00000000d5d80000)
 ParOldGen       total 463872K, used 463428K [0x0000000080000000, 0x000000009c500000, 0x00000000d5580000)
  object space 463872K, 99% used [0x0000000080000000,0x000000009c491148,0x000000009c500000)
 Metaspace       used 64174K, committed 65728K, reserved 1114112K
  class space    used 6758K, committed 7424K, reserved 1048576K
}
Event: 73.767 GC heap after
{Heap after GC invocations=1013 (full 3):
 PSYoungGen      total 6144K, used 320K [0x00000000d5580000, 0x00000000d5d80000, 0x0000000100000000)
  eden space 5632K, 0% used [0x00000000d5580000,0x00000000d5580000,0x00000000d5b00000)
  from space 512K, 62% used [0x00000000d5d00000,0x00000000d5d50000,0x00000000d5d80000)
  to   space 512K, 0% used [0x00000000d5c80000,0x00000000d5c80000,0x00000000d5d00000)
 ParOldGen       total 463872K, used 463593K [0x0000000080000000, 0x000000009c500000, 0x00000000d5580000)
  object space 463872K, 99% used [0x0000000080000000,0x000000009c4ba518,0x000000009c500000)
 Metaspace       used 64174K, committed 65728K, reserved 1114112K
  class space    used 6758K, committed 7424K, reserved 1048576K
}
Event: 73.813 GC heap before
{Heap before GC invocations=1014 (full 3):
 PSYoungGen      total 6144K, used 5952K [0x00000000d5580000, 0x00000000d5d80000, 0x0000000100000000)
  eden space 5632K, 100% used [0x00000000d5580000,0x00000000d5b00000,0x00000000d5b00000)
  from space 512K, 62% used [0x00000000d5d00000,0x00000000d5d50000,0x00000000d5d80000)
  to   space 512K, 0% used [0x00000000d5c80000,0x00000000d5c80000,0x00000000d5d00000)
 ParOldGen       total 463872K, used 463593K [0x0000000080000000, 0x000000009c500000, 0x00000000d5580000)
  object space 463872K, 99% used [0x0000000080000000,0x000000009c4ba518,0x000000009c500000)
 Metaspace       used 64175K, committed 65728K, reserved 1114112K
  class space    used 6758K, committed 7424K, reserved 1048576K
}
Event: 73.816 GC heap after
{Heap after GC invocations=1014 (full 3):
 PSYoungGen      total 6144K, used 352K [0x00000000d5580000, 0x00000000d5d80000, 0x0000000100000000)
  eden space 5632K, 0% used [0x00000000d5580000,0x00000000d5580000,0x00000000d5b00000)
  from space 512K, 68% used [0x00000000d5c80000,0x00000000d5cd8000,0x00000000d5d00000)
  to   space 512K, 0% used [0x00000000d5d00000,0x00000000d5d00000,0x00000000d5d80000)
 ParOldGen       total 463872K, used 463689K [0x0000000080000000, 0x000000009c500000, 0x00000000d5580000)
  object space 463872K, 99% used [0x0000000080000000,0x000000009c4d2518,0x000000009c500000)
 Metaspace       used 64175K, committed 65728K, reserved 1114112K
  class space    used 6758K, committed 7424K, reserved 1048576K
}
Event: 73.862 GC heap before
{Heap before GC invocations=1015 (full 3):
 PSYoungGen      total 6144K, used 5984K [0x00000000d5580000, 0x00000000d5d80000, 0x0000000100000000)
  eden space 5632K, 100% used [0x00000000d5580000,0x00000000d5b00000,0x00000000d5b00000)
  from space 512K, 68% used [0x00000000d5c80000,0x00000000d5cd8000,0x00000000d5d00000)
  to   space 512K, 0% used [0x00000000d5d00000,0x00000000d5d00000,0x00000000d5d80000)
 ParOldGen       total 463872K, used 463689K [0x0000000080000000, 0x000000009c500000, 0x00000000d5580000)
  object space 463872K, 99% used [0x0000000080000000,0x000000009c4d2518,0x000000009c500000)
 Metaspace       used 64180K, committed 65728K, reserved 1114112K
  class space    used 6758K, committed 7424K, reserved 1048576K
}
Event: 73.865 GC heap after
{Heap after GC invocations=1015 (full 3):
 PSYoungGen      total 6144K, used 488K [0x00000000d5580000, 0x00000000d5d80000, 0x0000000100000000)
  eden space 5632K, 0% used [0x00000000d5580000,0x00000000d5580000,0x00000000d5b00000)
  from space 512K, 95% used [0x00000000d5d00000,0x00000000d5d7a378,0x00000000d5d80000)
  to   space 1024K, 0% used [0x00000000d5b80000,0x00000000d5b80000,0x00000000d5c80000)
 ParOldGen       total 463872K, used 463868K [0x0000000080000000, 0x000000009c500000, 0x00000000d5580000)
  object space 463872K, 99% used [0x0000000080000000,0x000000009c4ff3b8,0x000000009c500000)
 Metaspace       used 64180K, committed 65728K, reserved 1114112K
  class space    used 6758K, committed 7424K, reserved 1048576K
}
Event: 73.874 GC heap before
{Heap before GC invocations=1016 (full 3):
 PSYoungGen      total 6144K, used 6120K [0x00000000d5580000, 0x00000000d5d80000, 0x0000000100000000)
  eden space 5632K, 100% used [0x00000000d5580000,0x00000000d5b00000,0x00000000d5b00000)
  from space 512K, 95% used [0x00000000d5d00000,0x00000000d5d7a378,0x00000000d5d80000)
  to   space 1024K, 0% used [0x00000000d5b80000,0x00000000d5b80000,0x00000000d5c80000)
 ParOldGen       total 463872K, used 463868K [0x0000000080000000, 0x000000009c500000, 0x00000000d5580000)
  object space 463872K, 99% used [0x0000000080000000,0x000000009c4ff3b8,0x000000009c500000)
 Metaspace       used 64180K, committed 65728K, reserved 1114112K
  class space    used 6758K, committed 7424K, reserved 1048576K
}

