# JRE version: OpenJDK Runtime Environment Temurin-17.0.19+10 (17.0.19+10) (build 17.0.19+10)
# Java VM: OpenJDK 64-Bit Server VM Temurin-17.0.19+10 (17.0.19+10, mixed mode, emulated-client, sharing, tiered, compressed oops, compressed class ptrs, g1 gc, windows-amd64)
GC Precious Log:
 CPUs: 12 total, 12 available
 Memory: 7876M
 Large Page Support: Disabled
 NUMA Support: Disabled
 Compressed Oops: Enabled (32-bit)
 Heap Region Size: 1M
 Heap Min Capacity: 8M
 Heap Initial Capacity: 124M
 Heap Max Capacity: 1970M
 Pre-touch: Disabled
 Parallel Workers: 10
 Concurrent Workers: 3
 Concurrent Refinement Workers: 10
 Periodic GC: Disabled
Heap:
 garbage-first heap   total 71680K, used 38876K [0x0000000084e00000, 0x0000000100000000)
  region size 1024K, 1 young (1024K), 1 survivors (1024K)
 Metaspace       used 64019K, committed 64576K, reserved 1114112K
  class space    used 9325K, committed 9600K, reserved 1048576K
GC Heap History (20 events):
Event: 17.162 GC heap after
{Heap after GC invocations=9 (full 0):
 garbage-first heap   total 71680K, used 27586K [0x0000000084e00000, 0x0000000100000000)
  region size 1024K, 2 young (2048K), 2 survivors (2048K)
 Metaspace       used 35570K, committed 35968K, reserved 1114112K
  class space    used 5119K, committed 5312K, reserved 1048576K
}
Event: 20.750 GC heap before
{Heap before GC invocations=10 (full 0):
 garbage-first heap   total 71680K, used 52162K [0x0000000084e00000, 0x0000000100000000)
  region size 1024K, 27 young (27648K), 2 survivors (2048K)
 Metaspace       used 41578K, committed 42048K, reserved 1114112K
  class space    used 5890K, committed 6080K, reserved 1048576K
}
Event: 20.756 GC heap after
{Heap after GC invocations=11 (full 0):
 garbage-first heap   total 71680K, used 28905K [0x0000000084e00000, 0x0000000100000000)
  region size 1024K, 4 young (4096K), 4 survivors (4096K)
 Metaspace       used 41578K, committed 42048K, reserved 1114112K
  class space    used 5890K, committed 6080K, reserved 1048576K
}
Event: 20.829 GC heap before
{Heap before GC invocations=11 (full 0):
 garbage-first heap   total 71680K, used 29929K [0x0000000084e00000, 0x0000000100000000)
  region size 1024K, 5 young (5120K), 4 survivors (4096K)
 Metaspace       used 41733K, committed 42240K, reserved 1114112K
  class space    used 5916K, committed 6144K, reserved 1048576K
}
Event: 20.834 GC heap after
{Heap after GC invocations=12 (full 0):
 garbage-first heap   total 71680K, used 29217K [0x0000000084e00000, 0x0000000100000000)
  region size 1024K, 1 young (1024K), 1 survivors (1024K)
 Metaspace       used 41733K, committed 42240K, reserved 1114112K
  class space    used 5916K, committed 6144K, reserved 1048576K
}
Event: 23.105 GC heap before
{Heap before GC invocations=12 (full 0):
 garbage-first heap   total 71680K, used 53793K [0x0000000084e00000, 0x0000000100000000)
  region size 1024K, 26 young (26624K), 1 survivors (1024K)
 Metaspace       used 48105K, committed 48512K, reserved 1114112K
  class space    used 6988K, committed 7168K, reserved 1048576K
}
Event: 23.110 GC heap after
{Heap after GC invocations=13 (full 0):
 garbage-first heap   total 71680K, used 29989K [0x0000000084e00000, 0x0000000100000000)
  region size 1024K, 2 young (2048K), 2 survivors (2048K)
 Metaspace       used 48105K, committed 48512K, reserved 1114112K
  class space    used 6988K, committed 7168K, reserved 1048576K
}
Event: 26.665 GC heap before
{Heap before GC invocations=13 (full 0):
 garbage-first heap   total 71680K, used 54565K [0x0000000084e00000, 0x0000000100000000)
  region size 1024K, 27 young (27648K), 2 survivors (2048K)
 Metaspace       used 53363K, committed 53824K, reserved 1114112K
  class space    used 7716K, committed 7936K, reserved 1048576K
}
Event: 26.670 GC heap after
{Heap after GC invocations=14 (full 0):
 garbage-first heap   total 71680K, used 31693K [0x0000000084e00000, 0x0000000100000000)
  region size 1024K, 3 young (3072K), 3 survivors (3072K)
 Metaspace       used 53363K, committed 53824K, reserved 1114112K
  class space    used 7716K, committed 7936K, reserved 1048576K
}
Event: 28.565 GC heap before
{Heap before GC invocations=14 (full 0):
 garbage-first heap   total 71680K, used 56269K [0x0000000084e00000, 0x0000000100000000)
  region size 1024K, 28 young (28672K), 3 survivors (3072K)
 Metaspace       used 56199K, committed 56704K, reserved 1114112K
  class space    used 8128K, committed 8384K, reserved 1048576K
}
Event: 28.572 GC heap after
{Heap after GC invocations=15 (full 0):
 garbage-first heap   total 71680K, used 34038K [0x0000000084e00000, 0x0000000100000000)
  region size 1024K, 4 young (4096K), 4 survivors (4096K)
 Metaspace       used 56199K, committed 56704K, reserved 1114112K
  class space    used 8128K, committed 8384K, reserved 1048576K
}
Event: 33.373 GC heap before
{Heap before GC invocations=15 (full 0):
 garbage-first heap   total 71680K, used 57590K [0x0000000084e00000, 0x0000000100000000)
  region size 1024K, 27 young (27648K), 4 survivors (4096K)
 Metaspace       used 57673K, committed 58240K, reserved 1114112K
  class space    used 8373K, committed 8640K, reserved 1048576K
}
Event: 33.381 GC heap after
{Heap after GC invocations=16 (full 0):
 garbage-first heap   total 71680K, used 35889K [0x0000000084e00000, 0x0000000100000000)
  region size 1024K, 2 young (2048K), 2 survivors (2048K)
 Metaspace       used 57673K, committed 58240K, reserved 1114112K
  class space    used 8373K, committed 8640K, reserved 1048576K
}
Event: 34.553 GC heap before
{Heap before GC invocations=16 (full 0):
 garbage-first heap   total 71680K, used 44081K [0x0000000084e00000, 0x0000000100000000)
  region size 1024K, 11 young (11264K), 2 survivors (2048K)
 Metaspace       used 59649K, committed 60096K, reserved 1114112K
  class space    used 8646K, committed 8832K, reserved 1048576K
}
Event: 34.558 GC heap after
{Heap after GC invocations=17 (full 0):
 garbage-first heap   total 71680K, used 36687K [0x0000000084e00000, 0x0000000100000000)
  region size 1024K, 1 young (1024K), 1 survivors (1024K)
 Metaspace       used 59649K, committed 60096K, reserved 1114112K
  class space    used 8646K, committed 8832K, reserved 1048576K
}
Event: 37.317 GC heap before
{Heap before GC invocations=18 (full 0):
 garbage-first heap   total 71680K, used 58191K [0x0000000084e00000, 0x0000000100000000)
  region size 1024K, 23 young (23552K), 1 survivors (1024K)
 Metaspace       used 63107K, committed 63552K, reserved 1114112K
  class space    used 9199K, committed 9408K, reserved 1048576K
}
Event: 37.322 GC heap after
{Heap after GC invocations=19 (full 0):
 garbage-first heap   total 71680K, used 39391K [0x0000000084e00000, 0x0000000100000000)
  region size 1024K, 3 young (3072K), 3 survivors (3072K)
 Metaspace       used 63107K, committed 63552K, reserved 1114112K
  class space    used 9199K, committed 9408K, reserved 1048576K
}
Event: 37.417 GC heap before
{Heap before GC invocations=19 (full 0):
 garbage-first heap   total 71680K, used 40415K [0x0000000084e00000, 0x0000000100000000)
  region size 1024K, 4 young (4096K), 3 survivors (3072K)
 Metaspace       used 63416K, committed 63872K, reserved 1114112K
  class space    used 9236K, committed 9472K, reserved 1048576K
}
Event: 37.425 GC heap after
{Heap after GC invocations=20 (full 0):
 garbage-first heap   total 71680K, used 39059K [0x0000000084e00000, 0x0000000100000000)
  region size 1024K, 1 young (1024K), 1 survivors (1024K)
 Metaspace       used 63416K, committed 63872K, reserved 1114112K
  class space    used 9236K, committed 9472K, reserved 1048576K
}
Event: 219.417 GC heap before
{Heap before GC invocations=20 (full 0):
 garbage-first heap   total 71680K, used 57491K [0x0000000084e00000, 0x0000000100000000)
  region size 1024K, 19 young (19456K), 1 survivors (1024K)
 Metaspace       used 64019K, committed 64576K, reserved 1114112K
  class space    used 9325K, committed 9600K, reserved 1048576K
}

