# JRE version: OpenJDK Runtime Environment Temurin-21.0.10+7 (21.0.10+7) (build 21.0.10+7-LTS)
# Java VM: OpenJDK 64-Bit Server VM Temurin-21.0.10+7 (21.0.10+7-LTS, mixed mode, sharing, tiered, compressed oops, compressed class ptrs, parallel gc, windows-amd64)
GC Precious Log:
 CardTable entry size: 512
 CPUs: 12 total, 12 available
 Memory: 7876M
 Large Page Support: Disabled
 NUMA Support: Disabled
 Compressed Oops: Enabled (32-bit)
 Alignments: Space 512K, Generation 512K, Heap 2M
 Heap Min Capacity: 100M
 Heap Initial Capacity: 100M
 Heap Max Capacity: 2G
 Pre-touch: Disabled
 Parallel Workers: 10
Heap:
 PSYoungGen      total 16384K, used 11762K [0x00000000d5580000, 0x00000000d6900000, 0x0000000100000000)
  eden space 10752K, 94% used [0x00000000d5580000,0x00000000d5f72138,0x00000000d6000000)
  from space 5632K, 28% used [0x00000000d6080000,0x00000000d620a6e8,0x00000000d6600000)
  to   space 2560K, 0% used [0x00000000d6680000,0x00000000d6680000,0x00000000d6900000)
 ParOldGen       total 519168K, used 519116K [0x0000000080000000, 0x000000009fb00000, 0x00000000d5580000)
  object space 519168K, 99% used [0x0000000080000000,0x000000009faf3168,0x000000009fb00000)
 Metaspace       used 70391K, committed 71872K, reserved 1114112K
  class space    used 7578K, committed 8192K, reserved 1048576K
GC Heap History (20 events):
Event: 41.754 GC heap before
{Heap before GC invocations=519 (full 3):
 PSYoungGen      total 4096K, used 4095K [0x00000000d5580000, 0x00000000d5e00000, 0x0000000100000000)
  eden space 2560K, 99% used [0x00000000d5580000,0x00000000d57fffe8,0x00000000d5800000)
  from space 1536K, 100% used [0x00000000d5800000,0x00000000d5980000,0x00000000d5980000)
  to   space 3072K, 0% used [0x00000000d5b00000,0x00000000d5b00000,0x00000000d5e00000)
 ParOldGen       total 487936K, used 487786K [0x0000000080000000, 0x000000009dc80000, 0x00000000d5580000)
  object space 487936K, 99% used [0x0000000080000000,0x000000009dc5a928,0x000000009dc80000)
 Metaspace       used 68384K, committed 69824K, reserved 1114112K
  class space    used 7332K, committed 7936K, reserved 1048576K
}
Event: 41.758 GC heap after
{Heap after GC invocations=519 (full 3):
 PSYoungGen      total 5632K, used 2176K [0x00000000d5580000, 0x00000000d5d80000, 0x0000000100000000)
  eden space 3072K, 0% used [0x00000000d5580000,0x00000000d5580000,0x00000000d5880000)
  from space 2560K, 85% used [0x00000000d5b00000,0x00000000d5d20000,0x00000000d5d80000)
  to   space 2560K, 0% used [0x00000000d5880000,0x00000000d5880000,0x00000000d5b00000)
 ParOldGen       total 489472K, used 489356K [0x0000000080000000, 0x000000009de00000, 0x00000000d5580000)
  object space 489472K, 99% used [0x0000000080000000,0x000000009dde3118,0x000000009de00000)
 Metaspace       used 68384K, committed 69824K, reserved 1114112K
  class space    used 7332K, committed 7936K, reserved 1048576K
}
Event: 41.768 GC heap before
{Heap before GC invocations=520 (full 3):
 PSYoungGen      total 5632K, used 5248K [0x00000000d5580000, 0x00000000d5d80000, 0x0000000100000000)
  eden space 3072K, 100% used [0x00000000d5580000,0x00000000d5880000,0x00000000d5880000)
  from space 2560K, 85% used [0x00000000d5b00000,0x00000000d5d20000,0x00000000d5d80000)
  to   space 2560K, 0% used [0x00000000d5880000,0x00000000d5880000,0x00000000d5b00000)
 ParOldGen       total 489472K, used 489356K [0x0000000080000000, 0x000000009de00000, 0x00000000d5580000)
  object space 489472K, 99% used [0x0000000080000000,0x000000009dde3118,0x000000009de00000)
 Metaspace       used 68384K, committed 69824K, reserved 1114112K
  class space    used 7332K, committed 7936K, reserved 1048576K
}
Event: 41.772 GC heap after
{Heap after GC invocations=520 (full 3):
 PSYoungGen      total 5632K, used 2528K [0x00000000d5580000, 0x00000000d5f80000, 0x0000000100000000)
  eden space 3072K, 0% used [0x00000000d5580000,0x00000000d5580000,0x00000000d5880000)
  from space 2560K, 98% used [0x00000000d5880000,0x00000000d5af8000,0x00000000d5b00000)
  to   space 3072K, 0% used [0x00000000d5c80000,0x00000000d5c80000,0x00000000d5f80000)
 ParOldGen       total 491520K, used 491380K [0x0000000080000000, 0x000000009e000000, 0x00000000d5580000)
  object space 491520K, 99% used [0x0000000080000000,0x000000009dfdd118,0x000000009e000000)
 Metaspace       used 68384K, committed 69824K, reserved 1114112K
  class space    used 7332K, committed 7936K, reserved 1048576K
}
Event: 41.781 GC heap before
{Heap before GC invocations=521 (full 3):
 PSYoungGen      total 5632K, used 5600K [0x00000000d5580000, 0x00000000d5f80000, 0x0000000100000000)
  eden space 3072K, 100% used [0x00000000d5580000,0x00000000d5880000,0x00000000d5880000)
  from space 2560K, 98% used [0x00000000d5880000,0x00000000d5af8000,0x00000000d5b00000)
  to   space 3072K, 0% used [0x00000000d5c80000,0x00000000d5c80000,0x00000000d5f80000)
 ParOldGen       total 491520K, used 491380K [0x0000000080000000, 0x000000009e000000, 0x00000000d5580000)
  object space 491520K, 99% used [0x0000000080000000,0x000000009dfdd118,0x000000009e000000)
 Metaspace       used 68384K, committed 69824K, reserved 1114112K
  class space    used 7332K, committed 7936K, reserved 1048576K
}
Event: 41.787 GC heap after
{Heap after GC invocations=521 (full 3):
 PSYoungGen      total 6656K, used 2464K [0x00000000d5580000, 0x00000000d5f00000, 0x0000000100000000)
  eden space 4096K, 0% used [0x00000000d5580000,0x00000000d5580000,0x00000000d5980000)
  from space 2560K, 96% used [0x00000000d5c80000,0x00000000d5ee8000,0x00000000d5f00000)
  to   space 2560K, 0% used [0x00000000d5a00000,0x00000000d5a00000,0x00000000d5c80000)
 ParOldGen       total 494080K, used 493836K [0x0000000080000000, 0x000000009e280000, 0x00000000d5580000)
  object space 494080K, 99% used [0x0000000080000000,0x000000009e243118,0x000000009e280000)
 Metaspace       used 68384K, committed 69824K, reserved 1114112K
  class space    used 7332K, committed 7936K, reserved 1048576K
}
Event: 41.818 GC heap before
{Heap before GC invocations=522 (full 3):
 PSYoungGen      total 6656K, used 6560K [0x00000000d5580000, 0x00000000d5f00000, 0x0000000100000000)
  eden space 4096K, 100% used [0x00000000d5580000,0x00000000d5980000,0x00000000d5980000)
  from space 2560K, 96% used [0x00000000d5c80000,0x00000000d5ee8000,0x00000000d5f00000)
  to   space 2560K, 0% used [0x00000000d5a00000,0x00000000d5a00000,0x00000000d5c80000)
 ParOldGen       total 494080K, used 493836K [0x0000000080000000, 0x000000009e280000, 0x00000000d5580000)
  object space 494080K, 99% used [0x0000000080000000,0x000000009e243118,0x000000009e280000)
 Metaspace       used 68384K, committed 69824K, reserved 1114112K
  class space    used 7332K, committed 7936K, reserved 1048576K
}
Event: 41.824 GC heap after
{Heap after GC invocations=522 (full 3):
 PSYoungGen      total 7168K, used 2560K [0x00000000d5580000, 0x00000000d6680000, 0x0000000100000000)
  eden space 4608K, 0% used [0x00000000d5580000,0x00000000d5580000,0x00000000d5a00000)
  from space 2560K, 100% used [0x00000000d5a00000,0x00000000d5c80000,0x00000000d5c80000)
  to   space 6144K, 0% used [0x00000000d6080000,0x00000000d6080000,0x00000000d6680000)
 ParOldGen       total 497152K, used 496772K [0x0000000080000000, 0x000000009e580000, 0x00000000d5580000)
  object space 497152K, 99% used [0x0000000080000000,0x000000009e521128,0x000000009e580000)
 Metaspace       used 68384K, committed 69824K, reserved 1114112K
  class space    used 7332K, committed 7936K, reserved 1048576K
}
Event: 41.839 GC heap before
{Heap before GC invocations=523 (full 3):
 PSYoungGen      total 7168K, used 7168K [0x00000000d5580000, 0x00000000d6680000, 0x0000000100000000)
  eden space 4608K, 100% used [0x00000000d5580000,0x00000000d5a00000,0x00000000d5a00000)
  from space 2560K, 100% used [0x00000000d5a00000,0x00000000d5c80000,0x00000000d5c80000)
  to   space 6144K, 0% used [0x00000000d6080000,0x00000000d6080000,0x00000000d6680000)
 ParOldGen       total 497152K, used 496772K [0x0000000080000000, 0x000000009e580000, 0x00000000d5580000)
  object space 497152K, 99% used [0x0000000080000000,0x000000009e521128,0x000000009e580000)
 Metaspace       used 68384K, committed 69824K, reserved 1114112K
  class space    used 7332K, committed 7936K, reserved 1048576K
}
Event: 41.846 GC heap after
{Heap after GC invocations=523 (full 3):
 PSYoungGen      total 9216K, used 3520K [0x00000000d5580000, 0x00000000d6400000, 0x0000000100000000)
  eden space 5632K, 0% used [0x00000000d5580000,0x00000000d5580000,0x00000000d5b00000)
  from space 3584K, 98% used [0x00000000d6080000,0x00000000d63f0000,0x00000000d6400000)
  to   space 4608K, 0% used [0x00000000d5b00000,0x00000000d5b00000,0x00000000d5f80000)
 ParOldGen       total 499712K, used 499300K [0x0000000080000000, 0x000000009e800000, 0x00000000d5580000)
  object space 499712K, 99% used [0x0000000080000000,0x000000009e799168,0x000000009e800000)
 Metaspace       used 68384K, committed 69824K, reserved 1114112K
  class space    used 7332K, committed 7936K, reserved 1048576K
}
Event: 41.872 GC heap before
{Heap before GC invocations=524 (full 3):
 PSYoungGen      total 9216K, used 9152K [0x00000000d5580000, 0x00000000d6400000, 0x0000000100000000)
  eden space 5632K, 100% used [0x00000000d5580000,0x00000000d5b00000,0x00000000d5b00000)
  from space 3584K, 98% used [0x00000000d6080000,0x00000000d63f0000,0x00000000d6400000)
  to   space 4608K, 0% used [0x00000000d5b00000,0x00000000d5b00000,0x00000000d5f80000)
 ParOldGen       total 499712K, used 499300K [0x0000000080000000, 0x000000009e800000, 0x00000000d5580000)
  object space 499712K, 99% used [0x0000000080000000,0x000000009e799168,0x000000009e800000)
 Metaspace       used 68384K, committed 69824K, reserved 1114112K
  class space    used 7332K, committed 7936K, reserved 1048576K
}
Event: 41.881 GC heap after
{Heap after GC invocations=524 (full 3):
 PSYoungGen      total 10240K, used 4320K [0x00000000d5580000, 0x00000000d6580000, 0x0000000100000000)
  eden space 5632K, 0% used [0x00000000d5580000,0x00000000d5580000,0x00000000d5b00000)
  from space 4608K, 93% used [0x00000000d5b00000,0x00000000d5f38000,0x00000000d5f80000)
  to   space 4608K, 0% used [0x00000000d6100000,0x00000000d6100000,0x00000000d6580000)
 ParOldGen       total 502784K, used 502740K [0x0000000080000000, 0x000000009eb00000, 0x00000000d5580000)
  object space 502784K, 99% used [0x0000000080000000,0x000000009eaf5168,0x000000009eb00000)
 Metaspace       used 68384K, committed 69824K, reserved 1114112K
  class space    used 7332K, committed 7936K, reserved 1048576K
}
Event: 41.896 GC heap before
{Heap before GC invocations=525 (full 3):
 PSYoungGen      total 10240K, used 9952K [0x00000000d5580000, 0x00000000d6580000, 0x0000000100000000)
  eden space 5632K, 100% used [0x00000000d5580000,0x00000000d5b00000,0x00000000d5b00000)
  from space 4608K, 93% used [0x00000000d5b00000,0x00000000d5f38000,0x00000000d5f80000)
  to   space 4608K, 0% used [0x00000000d6100000,0x00000000d6100000,0x00000000d6580000)
 ParOldGen       total 502784K, used 502740K [0x0000000080000000, 0x000000009eb00000, 0x00000000d5580000)
  object space 502784K, 99% used [0x0000000080000000,0x000000009eaf5168,0x000000009eb00000)
 Metaspace       used 68384K, committed 69824K, reserved 1114112K
  class space    used 7332K, committed 7936K, reserved 1048576K
}
Event: 41.906 GC heap after
{Heap after GC invocations=525 (full 3):
 PSYoungGen      total 11776K, used 4320K [0x00000000d5580000, 0x00000000d6580000, 0x0000000100000000)
  eden space 7168K, 0% used [0x00000000d5580000,0x00000000d5580000,0x00000000d5c80000)
  from space 4608K, 93% used [0x00000000d6100000,0x00000000d6538000,0x00000000d6580000)
  to   space 4608K, 0% used [0x00000000d5c80000,0x00000000d5c80000,0x00000000d6100000)
 ParOldGen       total 507392K, used 506948K [0x0000000080000000, 0x000000009ef80000, 0x00000000d5580000)
  object space 507392K, 99% used [0x0000000080000000,0x000000009ef11168,0x000000009ef80000)
 Metaspace       used 68384K, committed 69824K, reserved 1114112K
  class space    used 7332K, committed 7936K, reserved 1048576K
}
Event: 41.949 GC heap before
{Heap before GC invocations=526 (full 3):
 PSYoungGen      total 11776K, used 11488K [0x00000000d5580000, 0x00000000d6580000, 0x0000000100000000)
  eden space 7168K, 100% used [0x00000000d5580000,0x00000000d5c80000,0x00000000d5c80000)
  from space 4608K, 93% used [0x00000000d6100000,0x00000000d6538000,0x00000000d6580000)
  to   space 4608K, 0% used [0x00000000d5c80000,0x00000000d5c80000,0x00000000d6100000)
 ParOldGen       total 507392K, used 506948K [0x0000000080000000, 0x000000009ef80000, 0x00000000d5580000)
  object space 507392K, 99% used [0x0000000080000000,0x000000009ef11168,0x000000009ef80000)
 Metaspace       used 68384K, committed 69824K, reserved 1114112K
  class space    used 7332K, committed 7936K, reserved 1048576K
}
Event: 41.991 GC heap after
{Heap after GC invocations=526 (full 3):
 PSYoungGen      total 11776K, used 4608K [0x00000000d5580000, 0x00000000d7300000, 0x0000000100000000)
  eden space 7168K, 0% used [0x00000000d5580000,0x00000000d5580000,0x00000000d5c80000)
  from space 4608K, 100% used [0x00000000d5c80000,0x00000000d6100000,0x00000000d6100000)
  to   space 10752K, 0% used [0x00000000d6880000,0x00000000d6880000,0x00000000d7300000)
 ParOldGen       total 512000K, used 511804K [0x0000000080000000, 0x000000009f400000, 0x00000000d5580000)
  object space 512000K, 99% used [0x0000000080000000,0x000000009f3cf168,0x000000009f400000)
 Metaspace       used 68384K, committed 69824K, reserved 1114112K
  class space    used 7332K, committed 7936K, reserved 1048576K
}
Event: 42.159 GC heap before
{Heap before GC invocations=527 (full 3):
 PSYoungGen      total 11776K, used 11776K [0x00000000d5580000, 0x00000000d7300000, 0x0000000100000000)
  eden space 7168K, 100% used [0x00000000d5580000,0x00000000d5c80000,0x00000000d5c80000)
  from space 4608K, 100% used [0x00000000d5c80000,0x00000000d6100000,0x00000000d6100000)
  to   space 10752K, 0% used [0x00000000d6880000,0x00000000d6880000,0x00000000d7300000)
 ParOldGen       total 512000K, used 511804K [0x0000000080000000, 0x000000009f400000, 0x00000000d5580000)
  object space 512000K, 99% used [0x0000000080000000,0x000000009f3cf168,0x000000009f400000)
 Metaspace       used 68853K, committed 70336K, reserved 1114112K
  class space    used 7374K, committed 8000K, reserved 1048576K
}
Event: 42.168 GC heap after
{Heap after GC invocations=527 (full 3):
 PSYoungGen      total 11776K, used 2816K [0x00000000d5580000, 0x00000000d6b80000, 0x0000000100000000)
  eden space 8704K, 0% used [0x00000000d5580000,0x00000000d5580000,0x00000000d5e00000)
  from space 3072K, 91% used [0x00000000d6880000,0x00000000d6b40000,0x00000000d6b80000)
  to   space 5632K, 0% used [0x00000000d6080000,0x00000000d6080000,0x00000000d6600000)
 ParOldGen       total 516608K, used 516460K [0x0000000080000000, 0x000000009f880000, 0x00000000d5580000)
  object space 516608K, 99% used [0x0000000080000000,0x000000009f85b168,0x000000009f880000)
 Metaspace       used 68853K, committed 70336K, reserved 1114112K
  class space    used 7374K, committed 8000K, reserved 1048576K
}
Event: 42.348 GC heap before
{Heap before GC invocations=528 (full 3):
 PSYoungGen      total 11776K, used 11520K [0x00000000d5580000, 0x00000000d6b80000, 0x0000000100000000)
  eden space 8704K, 100% used [0x00000000d5580000,0x00000000d5e00000,0x00000000d5e00000)
  from space 3072K, 91% used [0x00000000d6880000,0x00000000d6b40000,0x00000000d6b80000)
  to   space 5632K, 0% used [0x00000000d6080000,0x00000000d6080000,0x00000000d6600000)
 ParOldGen       total 516608K, used 516460K [0x0000000080000000, 0x000000009f880000, 0x00000000d5580000)
  object space 516608K, 99% used [0x0000000080000000,0x000000009f85b168,0x000000009f880000)
 Metaspace       used 69203K, committed 70720K, reserved 1114112K
  class space    used 7422K, committed 8064K, reserved 1048576K
}
Event: 42.354 GC heap after
{Heap after GC invocations=528 (full 3):
 PSYoungGen      total 16384K, used 1577K [0x00000000d5580000, 0x00000000d6900000, 0x0000000100000000)
  eden space 10752K, 0% used [0x00000000d5580000,0x00000000d5580000,0x00000000d6000000)
  from space 5632K, 28% used [0x00000000d6080000,0x00000000d620a6e8,0x00000000d6600000)
  to   space 2560K, 0% used [0x00000000d6680000,0x00000000d6680000,0x00000000d6900000)
 ParOldGen       total 519168K, used 519116K [0x0000000080000000, 0x000000009fb00000, 0x00000000d5580000)
  object space 519168K, 99% used [0x0000000080000000,0x000000009faf3168,0x000000009fb00000)
 Metaspace       used 69203K, committed 70720K, reserved 1114112K
  class space    used 7422K, committed 8064K, reserved 1048576K
}

