# JRE version: OpenJDK Runtime Environment Temurin-21.0.10+7 (21.0.10+7) (build 21.0.10+7-LTS)
# Java VM: OpenJDK 64-Bit Server VM Temurin-21.0.10+7 (21.0.10+7-LTS, mixed mode, sharing, tiered, compressed oops, compressed class ptrs, parallel gc, windows-amd64)
GC Precious Log:
 CardTable entry size: 512
 CPUs: 12 total, 12 available
 Memory: 7876M
 Large Page Support: Disabled
 NUMA Support: Disabled
 Compressed Oops: Enabled (32-bit)
 Alignments: Space 512K, Generation 512K, Heap 2M
 Heap Min Capacity: 100M
 Heap Initial Capacity: 100M
 Heap Max Capacity: 2G
 Pre-touch: Disabled
 Parallel Workers: 10
Heap:
 PSYoungGen      total 2048K, used 549K [0x00000000d5580000, 0x00000000d5880000, 0x0000000100000000)
  eden space 1536K, 14% used [0x00000000d5580000,0x00000000d55b9460,0x00000000d5700000)
  from space 512K, 62% used [0x00000000d5780000,0x00000000d57d0000,0x00000000d5800000)
  to   space 512K, 0% used [0x00000000d5800000,0x00000000d5800000,0x00000000d5880000)
 ParOldGen       total 675840K, used 675762K [0x0000000080000000, 0x00000000a9400000, 0x00000000d5580000)
  object space 675840K, 99% used [0x0000000080000000,0x00000000a93ec828,0x00000000a9400000)
 Metaspace       used 70405K, committed 72064K, reserved 1114112K
  class space    used 7591K, committed 8320K, reserved 1048576K
GC Heap History (20 events):
Event: 95.712 GC heap before
{Heap before GC invocations=1195 (full 3):
 PSYoungGen      total 3072K, used 2824K [0x00000000d5580000, 0x00000000d5a00000, 0x0000000100000000)
  eden space 2048K, 100% used [0x00000000d5580000,0x00000000d5780000,0x00000000d5780000)
  from space 1024K, 75% used [0x00000000d5780000,0x00000000d58423b8,0x00000000d5880000)
  to   space 1024K, 0% used [0x00000000d5900000,0x00000000d5900000,0x00000000d5a00000)
 ParOldGen       total 672768K, used 672314K [0x0000000080000000, 0x00000000a9100000, 0x00000000d5580000)
  object space 672768K, 99% used [0x0000000080000000,0x00000000a908e800,0x00000000a9100000)
 Metaspace       used 69757K, committed 71360K, reserved 1114112K
  class space    used 7503K, committed 8192K, reserved 1048576K
}
Event: 95.717 GC heap after
{Heap after GC invocations=1195 (full 3):
 PSYoungGen      total 2560K, used 1014K [0x00000000d5580000, 0x00000000d5b80000, 0x0000000100000000)
  eden space 1536K, 0% used [0x00000000d5580000,0x00000000d5580000,0x00000000d5700000)
  from space 1024K, 99% used [0x00000000d5900000,0x00000000d59fda18,0x00000000d5a00000)
  to   space 2048K, 0% used [0x00000000d5700000,0x00000000d5700000,0x00000000d5900000)
 ParOldGen       total 673280K, used 672868K [0x0000000080000000, 0x00000000a9180000, 0x00000000d5580000)
  object space 673280K, 99% used [0x0000000080000000,0x00000000a91191a8,0x00000000a9180000)
 Metaspace       used 69757K, committed 71360K, reserved 1114112K
  class space    used 7503K, committed 8192K, reserved 1048576K
}
Event: 95.786 GC heap before
{Heap before GC invocations=1196 (full 3):
 PSYoungGen      total 2560K, used 2543K [0x00000000d5580000, 0x00000000d5b80000, 0x0000000100000000)
  eden space 1536K, 99% used [0x00000000d5580000,0x00000000d56fe338,0x00000000d5700000)
  from space 1024K, 99% used [0x00000000d5900000,0x00000000d59fda18,0x00000000d5a00000)
  to   space 2048K, 0% used [0x00000000d5700000,0x00000000d5700000,0x00000000d5900000)
 ParOldGen       total 673280K, used 672868K [0x0000000080000000, 0x00000000a9180000, 0x00000000d5580000)
  object space 673280K, 99% used [0x0000000080000000,0x00000000a91191a8,0x00000000a9180000)
 Metaspace       used 69776K, committed 71424K, reserved 1114112K
  class space    used 7503K, committed 8192K, reserved 1048576K
}
Event: 95.792 GC heap after
{Heap after GC invocations=1196 (full 3):
 PSYoungGen      total 2560K, used 778K [0x00000000d5580000, 0x00000000d5a00000, 0x0000000100000000)
  eden space 1536K, 0% used [0x00000000d5580000,0x00000000d5580000,0x00000000d5700000)
  from space 1024K, 76% used [0x00000000d5700000,0x00000000d57c2b68,0x00000000d5800000)
  to   space 1536K, 0% used [0x00000000d5880000,0x00000000d5880000,0x00000000d5a00000)
 ParOldGen       total 673792K, used 673753K [0x0000000080000000, 0x00000000a9200000, 0x00000000d5580000)
  object space 673792K, 99% used [0x0000000080000000,0x00000000a91f65d8,0x00000000a9200000)
 Metaspace       used 69776K, committed 71424K, reserved 1114112K
  class space    used 7503K, committed 8192K, reserved 1048576K
}
Event: 95.850 GC heap before
{Heap before GC invocations=1197 (full 3):
 PSYoungGen      total 2560K, used 2314K [0x00000000d5580000, 0x00000000d5a00000, 0x0000000100000000)
  eden space 1536K, 100% used [0x00000000d5580000,0x00000000d5700000,0x00000000d5700000)
  from space 1024K, 76% used [0x00000000d5700000,0x00000000d57c2b68,0x00000000d5800000)
  to   space 1536K, 0% used [0x00000000d5880000,0x00000000d5880000,0x00000000d5a00000)
 ParOldGen       total 673792K, used 673753K [0x0000000080000000, 0x00000000a9200000, 0x00000000d5580000)
  object space 673792K, 99% used [0x0000000080000000,0x00000000a91f65d8,0x00000000a9200000)
 Metaspace       used 69786K, committed 71424K, reserved 1114112K
  class space    used 7503K, committed 8192K, reserved 1048576K
}
Event: 95.854 GC heap after
{Heap after GC invocations=1197 (full 3):
 PSYoungGen      total 2560K, used 640K [0x00000000d5580000, 0x00000000d5980000, 0x0000000100000000)
  eden space 1536K, 0% used [0x00000000d5580000,0x00000000d5580000,0x00000000d5700000)
  from space 1024K, 62% used [0x00000000d5880000,0x00000000d5920000,0x00000000d5980000)
  to   space 1024K, 0% used [0x00000000d5700000,0x00000000d5700000,0x00000000d5800000)
 ParOldGen       total 674304K, used 674097K [0x0000000080000000, 0x00000000a9280000, 0x00000000d5580000)
  object space 674304K, 99% used [0x0000000080000000,0x00000000a924c5d8,0x00000000a9280000)
 Metaspace       used 69786K, committed 71424K, reserved 1114112K
  class space    used 7503K, committed 8192K, reserved 1048576K
}
Event: 95.957 GC heap before
{Heap before GC invocations=1198 (full 3):
 PSYoungGen      total 2560K, used 2172K [0x00000000d5580000, 0x00000000d5980000, 0x0000000100000000)
  eden space 1536K, 99% used [0x00000000d5580000,0x00000000d56ff360,0x00000000d5700000)
  from space 1024K, 62% used [0x00000000d5880000,0x00000000d5920000,0x00000000d5980000)
  to   space 1024K, 0% used [0x00000000d5700000,0x00000000d5700000,0x00000000d5800000)
 ParOldGen       total 674304K, used 674097K [0x0000000080000000, 0x00000000a9280000, 0x00000000d5580000)
  object space 674304K, 99% used [0x0000000080000000,0x00000000a924c5d8,0x00000000a9280000)
 Metaspace       used 69860K, committed 71488K, reserved 1114112K
  class space    used 7506K, committed 8192K, reserved 1048576K
}
Event: 95.963 GC heap after
{Heap after GC invocations=1198 (full 3):
 PSYoungGen      total 2560K, used 544K [0x00000000d5580000, 0x00000000d5900000, 0x0000000100000000)
  eden space 1536K, 0% used [0x00000000d5580000,0x00000000d5580000,0x00000000d5700000)
  from space 1024K, 53% used [0x00000000d5700000,0x00000000d5788000,0x00000000d5800000)
  to   space 1024K, 0% used [0x00000000d5800000,0x00000000d5800000,0x00000000d5900000)
 ParOldGen       total 674816K, used 674564K [0x0000000080000000, 0x00000000a9300000, 0x00000000d5580000)
  object space 674816K, 99% used [0x0000000080000000,0x00000000a92c1280,0x00000000a9300000)
 Metaspace       used 69860K, committed 71488K, reserved 1114112K
  class space    used 7506K, committed 8192K, reserved 1048576K
}
Event: 96.150 GC heap before
{Heap before GC invocations=1199 (full 3):
 PSYoungGen      total 2560K, used 2079K [0x00000000d5580000, 0x00000000d5900000, 0x0000000100000000)
  eden space 1536K, 99% used [0x00000000d5580000,0x00000000d56fffe8,0x00000000d5700000)
  from space 1024K, 53% used [0x00000000d5700000,0x00000000d5788000,0x00000000d5800000)
  to   space 1024K, 0% used [0x00000000d5800000,0x00000000d5800000,0x00000000d5900000)
 ParOldGen       total 674816K, used 674564K [0x0000000080000000, 0x00000000a9300000, 0x00000000d5580000)
  object space 674816K, 99% used [0x0000000080000000,0x00000000a92c1280,0x00000000a9300000)
 Metaspace       used 69983K, committed 71552K, reserved 1114112K
  class space    used 7517K, committed 8192K, reserved 1048576K
}
Event: 96.156 GC heap after
{Heap after GC invocations=1199 (full 3):
 PSYoungGen      total 2048K, used 384K [0x00000000d5580000, 0x00000000d5880000, 0x0000000100000000)
  eden space 1536K, 0% used [0x00000000d5580000,0x00000000d5580000,0x00000000d5700000)
  from space 512K, 75% used [0x00000000d5800000,0x00000000d5860000,0x00000000d5880000)
  to   space 512K, 0% used [0x00000000d5780000,0x00000000d5780000,0x00000000d5800000)
 ParOldGen       total 675328K, used 674860K [0x0000000080000000, 0x00000000a9380000, 0x00000000d5580000)
  object space 675328K, 99% used [0x0000000080000000,0x00000000a930b280,0x00000000a9380000)
 Metaspace       used 69983K, committed 71552K, reserved 1114112K
  class space    used 7517K, committed 8192K, reserved 1048576K
}
Event: 96.248 GC heap before
{Heap before GC invocations=1200 (full 3):
 PSYoungGen      total 2048K, used 1920K [0x00000000d5580000, 0x00000000d5880000, 0x0000000100000000)
  eden space 1536K, 100% used [0x00000000d5580000,0x00000000d5700000,0x00000000d5700000)
  from space 512K, 75% used [0x00000000d5800000,0x00000000d5860000,0x00000000d5880000)
  to   space 512K, 0% used [0x00000000d5780000,0x00000000d5780000,0x00000000d5800000)
 ParOldGen       total 675328K, used 674860K [0x0000000080000000, 0x00000000a9380000, 0x00000000d5580000)
  object space 675328K, 99% used [0x0000000080000000,0x00000000a930b280,0x00000000a9380000)
 Metaspace       used 70036K, committed 71616K, reserved 1114112K
  class space    used 7522K, committed 8192K, reserved 1048576K
}
Event: 96.253 GC heap after
{Heap after GC invocations=1200 (full 3):
 PSYoungGen      total 2048K, used 496K [0x00000000d5580000, 0x00000000d5900000, 0x0000000100000000)
  eden space 1536K, 0% used [0x00000000d5580000,0x00000000d5580000,0x00000000d5700000)
  from space 512K, 97% used [0x00000000d5780000,0x00000000d57fc3a0,0x00000000d5800000)
  to   space 1024K, 0% used [0x00000000d5800000,0x00000000d5800000,0x00000000d5900000)
 ParOldGen       total 675328K, used 675141K [0x0000000080000000, 0x00000000a9380000, 0x00000000d5580000)
  object space 675328K, 99% used [0x0000000080000000,0x00000000a93516e0,0x00000000a9380000)
 Metaspace       used 70036K, committed 71616K, reserved 1114112K
  class space    used 7522K, committed 8192K, reserved 1048576K
}
Event: 96.337 GC heap before
{Heap before GC invocations=1201 (full 3):
 PSYoungGen      total 2048K, used 2032K [0x00000000d5580000, 0x00000000d5900000, 0x0000000100000000)
  eden space 1536K, 100% used [0x00000000d5580000,0x00000000d5700000,0x00000000d5700000)
  from space 512K, 97% used [0x00000000d5780000,0x00000000d57fc3a0,0x00000000d5800000)
  to   space 1024K, 0% used [0x00000000d5800000,0x00000000d5800000,0x00000000d5900000)
 ParOldGen       total 675328K, used 675141K [0x0000000080000000, 0x00000000a9380000, 0x00000000d5580000)
  object space 675328K, 99% used [0x0000000080000000,0x00000000a93516e0,0x00000000a9380000)
 Metaspace       used 70125K, committed 71744K, reserved 1114112K
  class space    used 7540K, committed 8256K, reserved 1048576K
}
Event: 96.339 GC heap after
{Heap after GC invocations=1201 (full 3):
 PSYoungGen      total 2048K, used 256K [0x00000000d5580000, 0x00000000d5880000, 0x0000000100000000)
  eden space 1536K, 0% used [0x00000000d5580000,0x00000000d5580000,0x00000000d5700000)
  from space 512K, 50% used [0x00000000d5800000,0x00000000d5840000,0x00000000d5880000)
  to   space 512K, 0% used [0x00000000d5780000,0x00000000d5780000,0x00000000d5800000)
 ParOldGen       total 675328K, used 675297K [0x0000000080000000, 0x00000000a9380000, 0x00000000d5580000)
  object space 675328K, 99% used [0x0000000080000000,0x00000000a93787e8,0x00000000a9380000)
 Metaspace       used 70125K, committed 71744K, reserved 1114112K
  class space    used 7540K, committed 8256K, reserved 1048576K
}
Event: 96.464 GC heap before
{Heap before GC invocations=1202 (full 3):
 PSYoungGen      total 2048K, used 1792K [0x00000000d5580000, 0x00000000d5880000, 0x0000000100000000)
  eden space 1536K, 100% used [0x00000000d5580000,0x00000000d5700000,0x00000000d5700000)
  from space 512K, 50% used [0x00000000d5800000,0x00000000d5840000,0x00000000d5880000)
  to   space 512K, 0% used [0x00000000d5780000,0x00000000d5780000,0x00000000d5800000)
 ParOldGen       total 675328K, used 675297K [0x0000000080000000, 0x00000000a9380000, 0x00000000d5580000)
  object space 675328K, 99% used [0x0000000080000000,0x00000000a93787e8,0x00000000a9380000)
 Metaspace       used 70197K, committed 71808K, reserved 1114112K
  class space    used 7553K, committed 8256K, reserved 1048576K
}
Event: 96.469 GC heap after
{Heap after GC invocations=1202 (full 3):
 PSYoungGen      total 2048K, used 480K [0x00000000d5580000, 0x00000000d5900000, 0x0000000100000000)
  eden space 1536K, 0% used [0x00000000d5580000,0x00000000d5580000,0x00000000d5700000)
  from space 512K, 93% used [0x00000000d5780000,0x00000000d57f8010,0x00000000d5800000)
  to   space 1024K, 0% used [0x00000000d5800000,0x00000000d5800000,0x00000000d5900000)
 ParOldGen       total 675840K, used 675369K [0x0000000080000000, 0x00000000a9400000, 0x00000000d5580000)
  object space 675840K, 99% used [0x0000000080000000,0x00000000a938a7f8,0x00000000a9400000)
 Metaspace       used 70197K, committed 71808K, reserved 1114112K
  class space    used 7553K, committed 8256K, reserved 1048576K
}
Event: 97.169 GC heap before
{Heap before GC invocations=1203 (full 3):
 PSYoungGen      total 2048K, used 2016K [0x00000000d5580000, 0x00000000d5900000, 0x0000000100000000)
  eden space 1536K, 100% used [0x00000000d5580000,0x00000000d5700000,0x00000000d5700000)
  from space 512K, 93% used [0x00000000d5780000,0x00000000d57f8010,0x00000000d5800000)
  to   space 1024K, 0% used [0x00000000d5800000,0x00000000d5800000,0x00000000d5900000)
 ParOldGen       total 675840K, used 675369K [0x0000000080000000, 0x00000000a9400000, 0x00000000d5580000)
  object space 675840K, 99% used [0x0000000080000000,0x00000000a938a7f8,0x00000000a9400000)
 Metaspace       used 70324K, committed 71936K, reserved 1114112K
  class space    used 7586K, committed 8320K, reserved 1048576K
}
Event: 97.174 GC heap after
{Heap after GC invocations=1203 (full 3):
 PSYoungGen      total 2048K, used 320K [0x00000000d5580000, 0x00000000d5880000, 0x0000000100000000)
  eden space 1536K, 0% used [0x00000000d5580000,0x00000000d5580000,0x00000000d5700000)
  from space 512K, 62% used [0x00000000d5800000,0x00000000d5850000,0x00000000d5880000)
  to   space 512K, 0% used [0x00000000d5780000,0x00000000d5780000,0x00000000d5800000)
 ParOldGen       total 675840K, used 675650K [0x0000000080000000, 0x00000000a9400000, 0x00000000d5580000)
  object space 675840K, 99% used [0x0000000080000000,0x00000000a93d0828,0x00000000a9400000)
 Metaspace       used 70324K, committed 71936K, reserved 1114112K
  class space    used 7586K, committed 8320K, reserved 1048576K
}
Event: 20602.643 GC heap before
{Heap before GC invocations=1204 (full 3):
 PSYoungGen      total 2048K, used 1856K [0x00000000d5580000, 0x00000000d5880000, 0x0000000100000000)
  eden space 1536K, 100% used [0x00000000d5580000,0x00000000d5700000,0x00000000d5700000)
  from space 512K, 62% used [0x00000000d5800000,0x00000000d5850000,0x00000000d5880000)
  to   space 512K, 0% used [0x00000000d5780000,0x00000000d5780000,0x00000000d5800000)
 ParOldGen       total 675840K, used 675650K [0x0000000080000000, 0x00000000a9400000, 0x00000000d5580000)
  object space 675840K, 99% used [0x0000000080000000,0x00000000a93d0828,0x00000000a9400000)
 Metaspace       used 70386K, committed 72064K, reserved 1114112K
  class space    used 7591K, committed 8320K, reserved 1048576K
}
Event: 20602.907 GC heap after
{Heap after GC invocations=1204 (full 3):
 PSYoungGen      total 2048K, used 320K [0x00000000d5580000, 0x00000000d5880000, 0x0000000100000000)
  eden space 1536K, 0% used [0x00000000d5580000,0x00000000d5580000,0x00000000d5700000)
  from space 512K, 62% used [0x00000000d5780000,0x00000000d57d0000,0x00000000d5800000)
  to   space 512K, 0% used [0x00000000d5800000,0x00000000d5800000,0x00000000d5880000)
 ParOldGen       total 675840K, used 675762K [0x0000000080000000, 0x00000000a9400000, 0x00000000d5580000)
  object space 675840K, 99% used [0x0000000080000000,0x00000000a93ec828,0x00000000a9400000)
 Metaspace       used 70386K, committed 72064K, reserved 1114112K
  class space    used 7591K, committed 8320K, reserved 1048576K
}

