# JRE version: OpenJDK Runtime Environment Temurin-21.0.10+7 (21.0.10+7) (build 21.0.10+7-LTS)
# Java VM: OpenJDK 64-Bit Server VM Temurin-21.0.10+7 (21.0.10+7-LTS, mixed mode, sharing, tiered, compressed oops, compressed class ptrs, parallel gc, windows-amd64)
GC Precious Log:
 CardTable entry size: 512
 CPUs: 12 total, 12 available
 Memory: 7876M
 Large Page Support: Disabled
 NUMA Support: Disabled
 Compressed Oops: Enabled (32-bit)
 Alignments: Space 512K, Generation 512K, Heap 2M
 Heap Min Capacity: 100M
 Heap Initial Capacity: 100M
 Heap Max Capacity: 2G
 Pre-touch: Disabled
 Parallel Workers: 10
Heap:
 PSYoungGen      total 3584K, used 2159K [0x00000000d5580000, 0x00000000d5980000, 0x0000000100000000)
  eden space 3072K, 60% used [0x00000000d5580000,0x00000000d5753f40,0x00000000d5880000)
  from space 512K, 56% used [0x00000000d5880000,0x00000000d58c8000,0x00000000d5900000)
  to   space 512K, 0% used [0x00000000d5900000,0x00000000d5900000,0x00000000d5980000)
 ParOldGen       total 624128K, used 623714K [0x0000000080000000, 0x00000000a6180000, 0x00000000d5580000)
  object space 624128K, 99% used [0x0000000080000000,0x00000000a61189a0,0x00000000a6180000)
 Metaspace       used 60956K, committed 62400K, reserved 1114112K
  class space    used 6668K, committed 7232K, reserved 1048576K
GC Heap History (20 events):
Event: 96.189 GC heap after
{Heap after GC invocations=1220 (full 3):
 PSYoungGen      total 3584K, used 192K [0x00000000d5580000, 0x00000000d5980000, 0x0000000100000000)
  eden space 2560K, 0% used [0x00000000d5580000,0x00000000d5580000,0x00000000d5800000)
  from space 1024K, 18% used [0x00000000d5800000,0x00000000d5830000,0x00000000d5900000)
  to   space 512K, 0% used [0x00000000d5900000,0x00000000d5900000,0x00000000d5980000)
 ParOldGen       total 622592K, used 622349K [0x0000000080000000, 0x00000000a6000000, 0x00000000d5580000)
  object space 622592K, 99% used [0x0000000080000000,0x00000000a5fc3640,0x00000000a6000000)
 Metaspace       used 60843K, committed 62336K, reserved 1114112K
  class space    used 6661K, committed 7232K, reserved 1048576K
}
Event: 96.205 GC heap before
{Heap before GC invocations=1221 (full 3):
 PSYoungGen      total 3584K, used 2752K [0x00000000d5580000, 0x00000000d5980000, 0x0000000100000000)
  eden space 2560K, 100% used [0x00000000d5580000,0x00000000d5800000,0x00000000d5800000)
  from space 1024K, 18% used [0x00000000d5800000,0x00000000d5830000,0x00000000d5900000)
  to   space 512K, 0% used [0x00000000d5900000,0x00000000d5900000,0x00000000d5980000)
 ParOldGen       total 622592K, used 622349K [0x0000000080000000, 0x00000000a6000000, 0x00000000d5580000)
  object space 622592K, 99% used [0x0000000080000000,0x00000000a5fc3640,0x00000000a6000000)
 Metaspace       used 60843K, committed 62336K, reserved 1114112K
  class space    used 6661K, committed 7232K, reserved 1048576K
}
Event: 96.209 GC heap after
{Heap after GC invocations=1221 (full 3):
 PSYoungGen      total 3072K, used 160K [0x00000000d5580000, 0x00000000d5980000, 0x0000000100000000)
  eden space 2560K, 0% used [0x00000000d5580000,0x00000000d5580000,0x00000000d5800000)
  from space 512K, 31% used [0x00000000d5900000,0x00000000d5928000,0x00000000d5980000)
  to   space 512K, 0% used [0x00000000d5880000,0x00000000d5880000,0x00000000d5900000)
 ParOldGen       total 622592K, used 622421K [0x0000000080000000, 0x00000000a6000000, 0x00000000d5580000)
  object space 622592K, 99% used [0x0000000080000000,0x00000000a5fd5640,0x00000000a6000000)
 Metaspace       used 60843K, committed 62336K, reserved 1114112K
  class space    used 6661K, committed 7232K, reserved 1048576K
}
Event: 96.241 GC heap before
{Heap before GC invocations=1222 (full 3):
 PSYoungGen      total 3072K, used 2720K [0x00000000d5580000, 0x00000000d5980000, 0x0000000100000000)
  eden space 2560K, 100% used [0x00000000d5580000,0x00000000d5800000,0x00000000d5800000)
  from space 512K, 31% used [0x00000000d5900000,0x00000000d5928000,0x00000000d5980000)
  to   space 512K, 0% used [0x00000000d5880000,0x00000000d5880000,0x00000000d5900000)
 ParOldGen       total 622592K, used 622421K [0x0000000080000000, 0x00000000a6000000, 0x00000000d5580000)
  object space 622592K, 99% used [0x0000000080000000,0x00000000a5fd5640,0x00000000a6000000)
 Metaspace       used 60844K, committed 62336K, reserved 1114112K
  class space    used 6661K, committed 7232K, reserved 1048576K
}
Event: 96.244 GC heap after
{Heap after GC invocations=1222 (full 3):
 PSYoungGen      total 3072K, used 352K [0x00000000d5580000, 0x00000000d5980000, 0x0000000100000000)
  eden space 2560K, 0% used [0x00000000d5580000,0x00000000d5580000,0x00000000d5800000)
  from space 512K, 68% used [0x00000000d5880000,0x00000000d58d8000,0x00000000d5900000)
  to   space 512K, 0% used [0x00000000d5900000,0x00000000d5900000,0x00000000d5980000)
 ParOldGen       total 622592K, used 622509K [0x0000000080000000, 0x00000000a6000000, 0x00000000d5580000)
  object space 622592K, 99% used [0x0000000080000000,0x00000000a5feb640,0x00000000a6000000)
 Metaspace       used 60844K, committed 62336K, reserved 1114112K
  class space    used 6661K, committed 7232K, reserved 1048576K
}
Event: 96.268 GC heap before
{Heap before GC invocations=1223 (full 3):
 PSYoungGen      total 3072K, used 2912K [0x00000000d5580000, 0x00000000d5980000, 0x0000000100000000)
  eden space 2560K, 100% used [0x00000000d5580000,0x00000000d5800000,0x00000000d5800000)
  from space 512K, 68% used [0x00000000d5880000,0x00000000d58d8000,0x00000000d5900000)
  to   space 512K, 0% used [0x00000000d5900000,0x00000000d5900000,0x00000000d5980000)
 ParOldGen       total 622592K, used 622509K [0x0000000080000000, 0x00000000a6000000, 0x00000000d5580000)
  object space 622592K, 99% used [0x0000000080000000,0x00000000a5feb640,0x00000000a6000000)
 Metaspace       used 60846K, committed 62336K, reserved 1114112K
  class space    used 6661K, committed 7232K, reserved 1048576K
}
Event: 96.271 GC heap after
{Heap after GC invocations=1223 (full 3):
 PSYoungGen      total 3072K, used 320K [0x00000000d5580000, 0x00000000d5980000, 0x0000000100000000)
  eden space 2560K, 0% used [0x00000000d5580000,0x00000000d5580000,0x00000000d5800000)
  from space 512K, 62% used [0x00000000d5900000,0x00000000d5950000,0x00000000d5980000)
  to   space 512K, 0% used [0x00000000d5880000,0x00000000d5880000,0x00000000d5900000)
 ParOldGen       total 623104K, used 622661K [0x0000000080000000, 0x00000000a6080000, 0x00000000d5580000)
  object space 623104K, 99% used [0x0000000080000000,0x00000000a6011640,0x00000000a6080000)
 Metaspace       used 60846K, committed 62336K, reserved 1114112K
  class space    used 6661K, committed 7232K, reserved 1048576K
}
Event: 96.297 GC heap before
{Heap before GC invocations=1224 (full 3):
 PSYoungGen      total 3072K, used 2880K [0x00000000d5580000, 0x00000000d5980000, 0x0000000100000000)
  eden space 2560K, 100% used [0x00000000d5580000,0x00000000d5800000,0x00000000d5800000)
  from space 512K, 62% used [0x00000000d5900000,0x00000000d5950000,0x00000000d5980000)
  to   space 512K, 0% used [0x00000000d5880000,0x00000000d5880000,0x00000000d5900000)
 ParOldGen       total 623104K, used 622661K [0x0000000080000000, 0x00000000a6080000, 0x00000000d5580000)
  object space 623104K, 99% used [0x0000000080000000,0x00000000a6011640,0x00000000a6080000)
 Metaspace       used 60848K, committed 62336K, reserved 1114112K
  class space    used 6661K, committed 7232K, reserved 1048576K
}
Event: 96.300 GC heap after
{Heap after GC invocations=1224 (full 3):
 PSYoungGen      total 3072K, used 320K [0x00000000d5580000, 0x00000000d5980000, 0x0000000100000000)
  eden space 2560K, 0% used [0x00000000d5580000,0x00000000d5580000,0x00000000d5800000)
  from space 512K, 62% used [0x00000000d5880000,0x00000000d58d0000,0x00000000d5900000)
  to   space 512K, 0% used [0x00000000d5900000,0x00000000d5900000,0x00000000d5980000)
 ParOldGen       total 623104K, used 622741K [0x0000000080000000, 0x00000000a6080000, 0x00000000d5580000)
  object space 623104K, 99% used [0x0000000080000000,0x00000000a6025640,0x00000000a6080000)
 Metaspace       used 60848K, committed 62336K, reserved 1114112K
  class space    used 6661K, committed 7232K, reserved 1048576K
}
Event: 96.328 GC heap before
{Heap before GC invocations=1225 (full 3):
 PSYoungGen      total 3072K, used 2880K [0x00000000d5580000, 0x00000000d5980000, 0x0000000100000000)
  eden space 2560K, 100% used [0x00000000d5580000,0x00000000d5800000,0x00000000d5800000)
  from space 512K, 62% used [0x00000000d5880000,0x00000000d58d0000,0x00000000d5900000)
  to   space 512K, 0% used [0x00000000d5900000,0x00000000d5900000,0x00000000d5980000)
 ParOldGen       total 623104K, used 622741K [0x0000000080000000, 0x00000000a6080000, 0x00000000d5580000)
  object space 623104K, 99% used [0x0000000080000000,0x00000000a6025640,0x00000000a6080000)
 Metaspace       used 60851K, committed 62336K, reserved 1114112K
  class space    used 6661K, committed 7232K, reserved 1048576K
}
Event: 96.331 GC heap after
{Heap after GC invocations=1225 (full 3):
 PSYoungGen      total 3072K, used 321K [0x00000000d5580000, 0x00000000d5980000, 0x0000000100000000)
  eden space 2560K, 0% used [0x00000000d5580000,0x00000000d5580000,0x00000000d5800000)
  from space 512K, 62% used [0x00000000d5900000,0x00000000d5950508,0x00000000d5980000)
  to   space 512K, 0% used [0x00000000d5880000,0x00000000d5880000,0x00000000d5900000)
 ParOldGen       total 623104K, used 622805K [0x0000000080000000, 0x00000000a6080000, 0x00000000d5580000)
  object space 623104K, 99% used [0x0000000080000000,0x00000000a6035640,0x00000000a6080000)
 Metaspace       used 60851K, committed 62336K, reserved 1114112K
  class space    used 6661K, committed 7232K, reserved 1048576K
}
Event: 96.365 GC heap before
{Heap before GC invocations=1226 (full 3):
 PSYoungGen      total 3072K, used 2881K [0x00000000d5580000, 0x00000000d5980000, 0x0000000100000000)
  eden space 2560K, 100% used [0x00000000d5580000,0x00000000d5800000,0x00000000d5800000)
  from space 512K, 62% used [0x00000000d5900000,0x00000000d5950508,0x00000000d5980000)
  to   space 512K, 0% used [0x00000000d5880000,0x00000000d5880000,0x00000000d5900000)
 ParOldGen       total 623104K, used 622805K [0x0000000080000000, 0x00000000a6080000, 0x00000000d5580000)
  object space 623104K, 99% used [0x0000000080000000,0x00000000a6035640,0x00000000a6080000)
 Metaspace       used 60854K, committed 62336K, reserved 1114112K
  class space    used 6661K, committed 7232K, reserved 1048576K
}
Event: 96.368 GC heap after
{Heap after GC invocations=1226 (full 3):
 PSYoungGen      total 3072K, used 320K [0x00000000d5580000, 0x00000000d5980000, 0x0000000100000000)
  eden space 2560K, 0% used [0x00000000d5580000,0x00000000d5580000,0x00000000d5800000)
  from space 512K, 62% used [0x00000000d5880000,0x00000000d58d0000,0x00000000d5900000)
  to   space 512K, 0% used [0x00000000d5900000,0x00000000d5900000,0x00000000d5980000)
 ParOldGen       total 623104K, used 622885K [0x0000000080000000, 0x00000000a6080000, 0x00000000d5580000)
  object space 623104K, 99% used [0x0000000080000000,0x00000000a6049640,0x00000000a6080000)
 Metaspace       used 60854K, committed 62336K, reserved 1114112K
  class space    used 6661K, committed 7232K, reserved 1048576K
}
Event: 96.403 GC heap before
{Heap before GC invocations=1227 (full 3):
 PSYoungGen      total 3072K, used 2880K [0x00000000d5580000, 0x00000000d5980000, 0x0000000100000000)
  eden space 2560K, 100% used [0x00000000d5580000,0x00000000d5800000,0x00000000d5800000)
  from space 512K, 62% used [0x00000000d5880000,0x00000000d58d0000,0x00000000d5900000)
  to   space 512K, 0% used [0x00000000d5900000,0x00000000d5900000,0x00000000d5980000)
 ParOldGen       total 623104K, used 622885K [0x0000000080000000, 0x00000000a6080000, 0x00000000d5580000)
  object space 623104K, 99% used [0x0000000080000000,0x00000000a6049640,0x00000000a6080000)
 Metaspace       used 60855K, committed 62336K, reserved 1114112K
  class space    used 6661K, committed 7232K, reserved 1048576K
}
Event: 96.406 GC heap after
{Heap after GC invocations=1227 (full 3):
 PSYoungGen      total 3072K, used 328K [0x00000000d5580000, 0x00000000d5980000, 0x0000000100000000)
  eden space 2560K, 0% used [0x00000000d5580000,0x00000000d5580000,0x00000000d5800000)
  from space 512K, 64% used [0x00000000d5900000,0x00000000d5952310,0x00000000d5980000)
  to   space 512K, 0% used [0x00000000d5880000,0x00000000d5880000,0x00000000d5900000)
 ParOldGen       total 623616K, used 623378K [0x0000000080000000, 0x00000000a6100000, 0x00000000d5580000)
  object space 623616K, 99% used [0x0000000080000000,0x00000000a60c4b50,0x00000000a6100000)
 Metaspace       used 60855K, committed 62336K, reserved 1114112K
  class space    used 6661K, committed 7232K, reserved 1048576K
}
Event: 96.439 GC heap before
{Heap before GC invocations=1228 (full 3):
 PSYoungGen      total 3072K, used 2888K [0x00000000d5580000, 0x00000000d5980000, 0x0000000100000000)
  eden space 2560K, 100% used [0x00000000d5580000,0x00000000d5800000,0x00000000d5800000)
  from space 512K, 64% used [0x00000000d5900000,0x00000000d5952310,0x00000000d5980000)
  to   space 512K, 0% used [0x00000000d5880000,0x00000000d5880000,0x00000000d5900000)
 ParOldGen       total 623616K, used 623378K [0x0000000080000000, 0x00000000a6100000, 0x00000000d5580000)
  object space 623616K, 99% used [0x0000000080000000,0x00000000a60c4b50,0x00000000a6100000)
 Metaspace       used 60904K, committed 62400K, reserved 1114112K
  class space    used 6661K, committed 7232K, reserved 1048576K
}
Event: 96.442 GC heap after
{Heap after GC invocations=1228 (full 3):
 PSYoungGen      total 3072K, used 373K [0x00000000d5580000, 0x00000000d5980000, 0x0000000100000000)
  eden space 2560K, 0% used [0x00000000d5580000,0x00000000d5580000,0x00000000d5800000)
  from space 512K, 72% used [0x00000000d5880000,0x00000000d58dd510,0x00000000d5900000)
  to   space 512K, 0% used [0x00000000d5900000,0x00000000d5900000,0x00000000d5980000)
 ParOldGen       total 623616K, used 623482K [0x0000000080000000, 0x00000000a6100000, 0x00000000d5580000)
  object space 623616K, 99% used [0x0000000080000000,0x00000000a60de9a0,0x00000000a6100000)
 Metaspace       used 60904K, committed 62400K, reserved 1114112K
  class space    used 6661K, committed 7232K, reserved 1048576K
}
Event: 96.499 GC heap before
{Heap before GC invocations=1229 (full 3):
 PSYoungGen      total 3072K, used 2933K [0x00000000d5580000, 0x00000000d5980000, 0x0000000100000000)
  eden space 2560K, 100% used [0x00000000d5580000,0x00000000d5800000,0x00000000d5800000)
  from space 512K, 72% used [0x00000000d5880000,0x00000000d58dd510,0x00000000d5900000)
  to   space 512K, 0% used [0x00000000d5900000,0x00000000d5900000,0x00000000d5980000)
 ParOldGen       total 623616K, used 623482K [0x0000000080000000, 0x00000000a6100000, 0x00000000d5580000)
  object space 623616K, 99% used [0x0000000080000000,0x00000000a60de9a0,0x00000000a6100000)
 Metaspace       used 60920K, committed 62400K, reserved 1114112K
  class space    used 6664K, committed 7232K, reserved 1048576K
}
Event: 96.502 GC heap after
{Heap after GC invocations=1229 (full 3):
 PSYoungGen      total 3072K, used 192K [0x00000000d5580000, 0x00000000d5980000, 0x0000000100000000)
  eden space 2560K, 0% used [0x00000000d5580000,0x00000000d5580000,0x00000000d5800000)
  from space 512K, 37% used [0x00000000d5900000,0x00000000d5930000,0x00000000d5980000)
  to   space 512K, 0% used [0x00000000d5880000,0x00000000d5880000,0x00000000d5900000)
 ParOldGen       total 623616K, used 623594K [0x0000000080000000, 0x00000000a6100000, 0x00000000d5580000)
  object space 623616K, 99% used [0x0000000080000000,0x00000000a60fa9a0,0x00000000a6100000)
 Metaspace       used 60920K, committed 62400K, reserved 1114112K
  class space    used 6664K, committed 7232K, reserved 1048576K
}
Event: 96.512 GC heap before
{Heap before GC invocations=1230 (full 3):
 PSYoungGen      total 3072K, used 2752K [0x00000000d5580000, 0x00000000d5980000, 0x0000000100000000)
  eden space 2560K, 100% used [0x00000000d5580000,0x00000000d5800000,0x00000000d5800000)
  from space 512K, 37% used [0x00000000d5900000,0x00000000d5930000,0x00000000d5980000)
  to   space 512K, 0% used [0x00000000d5880000,0x00000000d5880000,0x00000000d5900000)
 ParOldGen       total 623616K, used 623594K [0x0000000080000000, 0x00000000a6100000, 0x00000000d5580000)
  object space 623616K, 99% used [0x0000000080000000,0x00000000a60fa9a0,0x00000000a6100000)
 Metaspace       used 60921K, committed 62400K, reserved 1114112K
  class space    used 6665K, committed 7232K, reserved 1048576K
}

