<?xml version="1.0" encoding="UTF-8"?>
<testsuite xmlns:xsi="http://www.w3.org/2001/XMLSchema-instance" xsi:noNamespaceSchemaLocation="https://maven.apache.org/surefire/maven-surefire-plugin/xsd/surefire-test-report-3.0.xsd" version="3.0" name="com.example.ems.EmployeeManagementSystemApplicationTests" time="19.302" tests="1" errors="0" skipped="0" failures="0">
  <properties>
[...]
</properties>
  <testcase name="contextLoads" classname="com.example.ems.EmployeeManagementSystemApplicationTests" time="2.572">
    <system-out><![CDATA[13:01:05.785 [main] INFO org.springframework.test.context.support.AnnotationConfigContextLoaderUtils -- Could not detect default configuration classes for test class [com.example.ems.EmployeeManagementSystemApplicationTests]: EmployeeManagementSystemApplicationTests does not declare any static, non-private, non-final, nested classes annotated with @Configuration.
13:01:06.179 [main] INFO org.springframework.boot.test.context.SpringBootTestContextBootstrapper -- Found @SpringBootConfiguration com.example.ems.EmployeeManagementSystemApplication for test class com.example.ems.EmployeeManagementSystemApplicationTests

  .   ____          _            __ _ _
 /\\ / ___'_ __ _ _(_)_ __  __ _ \ \ \ \
( ( )\___ | '_ | '_| | '_ \/ _` | \ \ \ \
 \\/  ___)| |_)| | | | | || (_| |  ) ) ) )
  '  |____| .__|_| |_|_| |_\__, | / / / /
 =========|_|==============|___/=/_/_/_/
 :: Spring Boot ::                (v3.2.5)

2026-06-20T13:01:07.885+05:30  INFO 34120 --- [           main] EmployeeManagementSystemApplicationTests : Starting EmployeeManagementSystemApplicationTests using Java 17.0.19 with PID 34120 (started by Moorthy in C:\PROJECTS\EmployeeManagementSystem)
2026-06-20T13:01:07.888+05:30  INFO 34120 --- [           main] EmployeeManagementSystemApplicationTests : No active profile set, falling back to 1 default profile: "default"
2026-06-20T13:01:09.726+05:30  INFO 34120 --- [           main] .s.d.r.c.RepositoryConfigurationDelegate : Bootstrapping Spring Data JPA repositories in DEFAULT mode.
2026-06-20T13:01:09.928+05:30  INFO 34120 --- [           main] .s.d.r.c.RepositoryConfigurationDelegate : Finished Spring Data repository scanning in 162 ms. Found 2 JPA repository interfaces.
2026-06-20T13:01:09.932+05:30  INFO 34120 --- [           main] .s.d.r.c.RepositoryConfigurationDelegate : Bootstrapping Spring Data JPA repositories in DEFAULT mode.
2026-06-20T13:01:09.945+05:30  INFO 34120 --- [           main] .s.d.r.c.RepositoryConfigurationDelegate : Finished Spring Data repository scanning in 13 ms. Found 1 JPA repository interface.
2026-06-20T13:01:12.347+05:30  INFO 34120 --- [           main] o.hibernate.jpa.internal.util.LogHelper  : HHH000204: Processing PersistenceUnitInfo [name: primary]
2026-06-20T13:01:12.681+05:30  INFO 34120 --- [           main] org.hibernate.Version                    : HHH000412: Hibernate ORM core version 6.4.4.Final
2026-06-20T13:01:12.885+05:30  INFO 34120 --- [           main] o.h.c.internal.RegionFactoryInitiator    : HHH000026: Second-level cache disabled
2026-06-20T13:01:14.142+05:30  INFO 34120 --- [           main] o.s.o.j.p.SpringPersistenceUnitInfo      : No LoadTimeWeaver setup: ignoring JPA class transformer
2026-06-20T13:01:14.234+05:30  INFO 34120 --- [           main] com.zaxxer.hikari.HikariDataSource       : HikariPool-1 - Starting...
2026-06-20T13:01:14.775+05:30  INFO 34120 --- [           main] com.zaxxer.hikari.pool.HikariPool        : HikariPool-1 - Added connection conn0: url=jdbc:h2:mem:emsdb user=SA
2026-06-20T13:01:14.781+05:30  INFO 34120 --- [           main] com.zaxxer.hikari.HikariDataSource       : HikariPool-1 - Start completed.
2026-06-20T13:01:14.892+05:30  WARN 34120 --- [           main] org.hibernate.orm.deprecation            : HHH90000025: H2Dialect does not need to be specified explicitly using 'hibernate.dialect' (remove the property setting and it will be selected by default)
2026-06-20T13:01:17.777+05:30  INFO 34120 --- [           main] o.h.e.t.j.p.i.JtaPlatformInitiator       : HHH000489: No JTA platform available (set 'hibernate.transaction.jta.platform' to enable JTA platform integration)
Hibernate: 
    create table departments (
        id bigint not null,
        name varchar(255) not null,
        primary key (id)
    )
Hibernate: 
    create table employees (
        id bigint not null,
        created_by varchar(255),
        created_date timestamp(6),
        last_modified_by varchar(255),
        last_modified_date timestamp(6),
        email varchar(255) not null,
        name varchar(255) not null,
        department_id bigint,
        primary key (id)
    )
Hibernate: 
    alter table if exists departments 
       drop constraint if exists UK_j6cwks7xecs5jov19ro8ge3qk
Hibernate: 
    alter table if exists departments 
       add constraint UK_j6cwks7xecs5jov19ro8ge3qk unique (name)
Hibernate: 
    alter table if exists employees 
       drop constraint if exists UK_j9xgmd0ya5jmus09o0b8pqrpb
Hibernate: 
    alter table if exists employees 
       add constraint UK_j9xgmd0ya5jmus09o0b8pqrpb unique (email)
Hibernate: 
    create sequence dept_sequence start with 1 increment by 1
Hibernate: 
    create sequence emp_sequence start with 1 increment by 20
Hibernate: 
    alter table if exists employees 
       add constraint FKgy4qe3dnqrm3ktd76sxp7n4c2 
       foreign key (department_id) 
       references departments
2026-06-20T13:01:18.233+05:30  INFO 34120 --- [           main] j.LocalContainerEntityManagerFactoryBean : Initialized JPA EntityManagerFactory for persistence unit 'primary'
2026-06-20T13:01:18.248+05:30  INFO 34120 --- [           main] o.hibernate.jpa.internal.util.LogHelper  : HHH000204: Processing PersistenceUnitInfo [name: secondary]
2026-06-20T13:01:18.252+05:30  INFO 34120 --- [           main] o.h.c.internal.RegionFactoryInitiator    : HHH000026: Second-level cache disabled
2026-06-20T13:01:18.260+05:30  INFO 34120 --- [           main] o.s.o.j.p.SpringPersistenceUnitInfo      : No LoadTimeWeaver setup: ignoring JPA class transformer
2026-06-20T13:01:18.261+05:30  INFO 34120 --- [           main] com.zaxxer.hikari.HikariDataSource       : HikariPool-2 - Starting...
2026-06-20T13:01:18.263+05:30  INFO 34120 --- [           main] com.zaxxer.hikari.pool.HikariPool        : HikariPool-2 - Added connection conn10: url=jdbc:h2:mem:auditdb user=SA
2026-06-20T13:01:18.264+05:30  INFO 34120 --- [           main] com.zaxxer.hikari.HikariDataSource       : HikariPool-2 - Start completed.
2026-06-20T13:01:18.264+05:30  WARN 34120 --- [           main] org.hibernate.orm.deprecation            : HHH90000025: H2Dialect does not need to be specified explicitly using 'hibernate.dialect' (remove the property setting and it will be selected by default)
2026-06-20T13:01:18.331+05:30  INFO 34120 --- [           main] o.h.e.t.j.p.i.JtaPlatformInitiator       : HHH000489: No JTA platform available (set 'hibernate.transaction.jta.platform' to enable JTA platform integration)
Hibernate: 
    create table audit_logs (
        id bigint generated by default as identity,
        action varchar(255),
        entityId bigint,
        entityName varchar(255),
        timestamp timestamp(6),
        primary key (id)
    )
2026-06-20T13:01:18.341+05:30  INFO 34120 --- [           main] j.LocalContainerEntityManagerFactoryBean : Initialized JPA EntityManagerFactory for persistence unit 'secondary'
2026-06-20T13:01:18.811+05:30  INFO 34120 --- [           main] o.s.d.j.r.query.QueryEnhancerFactory     : Hibernate is in classpath; If applicable, HQL parser will be used.
2026-06-20T13:01:20.959+05:30  INFO 34120 --- [           main] o.s.b.a.h2.H2ConsoleAutoConfiguration    : H2 console available at '/h2-console'. Databases available at 'jdbc:h2:mem:emsdb', 'jdbc:h2:mem:auditdb'
2026-06-20T13:01:21.159+05:30  INFO 34120 --- [           main] EmployeeManagementSystemApplicationTests : Started EmployeeManagementSystemApplicationTests in 14.293 seconds (process running for 17.818)
Hibernate: 
    select
        count(*) 
    from
        departments d1_0
Hibernate: 
    select
        next value for dept_sequence
Hibernate: 
    insert 
    into
        departments
        (name, id) 
    values
        (?, ?)
Hibernate: 
    select
        next value for dept_sequence
Hibernate: 
    insert 
    into
        departments
        (name, id) 
    values
        (?, ?)
Hibernate: 
    select
        next value for dept_sequence
Hibernate: 
    insert 
    into
        departments
        (name, id) 
    values
        (?, ?)
Hibernate: 
    select
        next value for emp_sequence
Hibernate: 
    insert 
    into
        employees
        (created_by, created_date, department_id, email, last_modified_by, last_modified_date, name, id) 
    values
        (?, ?, ?, ?, ?, ?, ?, ?)
Hibernate: 
    select
        next value for emp_sequence
Hibernate: 
    insert 
    into
        employees
        (created_by, created_date, department_id, email, last_modified_by, last_modified_date, name, id) 
    values
        (?, ?, ?, ?, ?, ?, ?, ?)
Hibernate: 
    insert 
    into
        employees
        (created_by, created_date, department_id, email, last_modified_by, last_modified_date, name, id) 
    values
        (?, ?, ?, ?, ?, ?, ?, ?)
Hibernate: 
    insert 
    into
        employees
        (created_by, created_date, department_id, email, last_modified_by, last_modified_date, name, id) 
    values
        (?, ?, ?, ?, ?, ?, ?, ?)
Hibernate: 
    insert 
    into
        employees
        (created_by, created_date, department_id, email, last_modified_by, last_modified_date, name, id) 
    values
        (?, ?, ?, ?, ?, ?, ?, ?)
]]></system-out>
  </testcase>
</testsuite>